Log file open, 10/02/20 12:05:10
LogInit: Display: Running engine for game: Capstone
LogPlatformFile: Not using cached read wrapper
LogTaskGraph: Started task graph with 5 named threads and 23 total threads with 3 sets of task threads.
LogStats: Stats thread started at 0.752302
LogD3D11RHI: Loaded GFSDK_Aftermath_Lib.x64.dll
LogICUInternationalization: ICU TimeZone Detection - Raw Offset: -5:00, Platform Override: ''
LogPluginManager: Mounting plugin Paper2D
LogPluginManager: Mounting plugin AISupport
LogPluginManager: Mounting plugin LightPropagationVolume
LogPluginManager: Mounting plugin CameraShakePreviewer
LogPluginManager: Mounting plugin ActorLayerUtilities
LogPluginManager: Mounting plugin AnimationSharing
LogPluginManager: Mounting plugin CLionSourceCodeAccess
LogPluginManager: Mounting plugin CodeLiteSourceCodeAccess
LogPluginManager: Mounting plugin GitSourceControl
LogPluginManager: Mounting plugin KDevelopSourceCodeAccess
LogPluginManager: Mounting plugin NullSourceCodeAccess
LogPluginManager: Mounting plugin PerforceSourceControl
LogPluginManager: Mounting plugin PlasticSourceControl
LogPluginManager: Mounting plugin RiderSourceCodeAccess
LogPluginManager: Mounting plugin SubversionSourceControl
LogPluginManager: Mounting plugin UObjectPlugin
LogPluginManager: Mounting plugin VisualStudioCodeSourceCodeAccess
LogPluginManager: Mounting plugin VisualStudioSourceCodeAccess
LogPluginManager: Mounting plugin XCodeSourceCodeAccess
LogPluginManager: Mounting plugin AssetManagerEditor
LogPluginManager: Mounting plugin CryptoKeys
LogPluginManager: Mounting plugin CurveEditorTools
LogPluginManager: Mounting plugin DataValidation
LogPluginManager: Mounting plugin EditorScriptingUtilities
LogPluginManager: Mounting plugin FacialAnimation
LogPluginManager: Mounting plugin GameplayTagsEditor
LogPluginManager: Mounting plugin GeometryMode
LogPluginManager: Mounting plugin MacGraphicsSwitching
LogPluginManager: Mounting plugin MaterialAnalyzer
LogPluginManager: Mounting plugin MobileLauncherProfileWizard
LogPluginManager: Mounting plugin PluginBrowser
LogPluginManager: Mounting plugin SpeedTreeImporter
LogPluginManager: Mounting plugin DatasmithContent
LogPluginManager: Mounting plugin VariantManagerContent
LogPluginManager: Mounting plugin AlembicImporter
LogPluginManager: Mounting plugin AutomationUtils
LogPluginManager: Mounting plugin BackChannel
LogPluginManager: Mounting plugin ChaosCloth
LogPluginManager: Mounting plugin ChaosClothEditor
LogPluginManager: Mounting plugin ChaosEditor
LogPluginManager: Mounting plugin ChaosNiagara
LogPluginManager: Mounting plugin ChaosSolverPlugin
LogPluginManager: Mounting plugin CharacterAI
LogPluginManager: Mounting plugin GeometryCache
LogPluginManager: Mounting plugin GeometryCollectionPlugin
LogPluginManager: Mounting plugin GeometryProcessing
LogPluginManager: Mounting plugin PlanarCut
LogPluginManager: Mounting plugin PlatformCrypto
LogPluginManager: Mounting plugin ProxyLODPlugin
LogPluginManager: Mounting plugin SkeletalReduction
LogPluginManager: Mounting plugin Niagara
LogPluginManager: Mounting plugin MagicLeap
LogPluginManager: Mounting plugin MagicLeapLightEstimation
LogPluginManager: Mounting plugin MagicLeapMedia
LogPluginManager: Mounting plugin MagicLeapPassableWorld
LogPluginManager: Mounting plugin MLSDK
LogPluginManager: Mounting plugin AndroidMedia
LogPluginManager: Mounting plugin AvfMedia
LogPluginManager: Mounting plugin ImgMedia
LogPluginManager: Mounting plugin MediaCompositing
LogPluginManager: Mounting plugin MediaPlayerEditor
LogPluginManager: Mounting plugin WebMMedia
LogPluginManager: Mounting plugin WmfMedia
LogPluginManager: Mounting plugin MeshPainting
LogPluginManager: Mounting plugin TcpMessaging
LogPluginManager: Mounting plugin UdpMessaging
LogPluginManager: Mounting plugin ActorSequence
LogPluginManager: Mounting plugin LevelSequenceEditor
LogPluginManager: Mounting plugin MatineeToLevelSequence
LogPluginManager: Mounting plugin MovieRenderPipeline
LogPluginManager: Mounting plugin TemplateSequence
LogPluginManager: Mounting plugin NetcodeUnitTest
LogPluginManager: Mounting plugin NUTUnrealEngine4
LogPluginManager: Mounting plugin OnlineSubsystemGooglePlay
LogPluginManager: Mounting plugin OnlineSubsystemIOS
LogPluginManager: Mounting plugin OnlineSubsystem
LogPluginManager: Mounting plugin OnlineSubsystemNull
LogPluginManager: Mounting plugin OnlineSubsystemUtils
LogPluginManager: Mounting plugin LauncherChunkInstaller
LogPluginManager: Mounting plugin AndroidDeviceProfileSelector
LogPluginManager: Mounting plugin AndroidMoviePlayer
LogPluginManager: Mounting plugin AndroidPermission
LogPluginManager: Mounting plugin AppleImageUtils
LogPluginManager: Mounting plugin AppleMoviePlayer
LogPluginManager: Mounting plugin ArchVisCharacter
LogPluginManager: Mounting plugin AssetTags
LogPluginManager: Mounting plugin AudioCapture
LogPluginManager: Mounting plugin CableComponent
LogPluginManager: Mounting plugin CustomMeshComponent
LogPluginManager: Mounting plugin EditableMesh
LogPluginManager: Mounting plugin ExampleDeviceProfileSelector
LogPluginManager: Mounting plugin GoogleCloudMessaging
LogPluginManager: Mounting plugin GooglePAD
LogPluginManager: Mounting plugin IOSDeviceProfileSelector
LogPluginManager: Mounting plugin LinuxDeviceProfileSelector
LogPluginManager: Mounting plugin LocationServicesBPLibrary
LogPluginManager: Mounting plugin MobilePatchingUtils
LogPluginManager: Mounting plugin OculusVR
LogPluginManager: Mounting plugin PhysXVehicles
LogPluginManager: Mounting plugin PostSplashScreen
LogPluginManager: Mounting plugin ProceduralMeshComponent
LogPluginManager: Mounting plugin RuntimePhysXCooking
LogPluginManager: Mounting plugin SignificanceManager
LogPluginManager: Mounting plugin SoundFields
LogPluginManager: Mounting plugin SteamVR
LogPluginManager: Mounting plugin Synthesis
LogPluginManager: Mounting plugin WebMMoviePlayer
LogPluginManager: Mounting plugin WindowsMoviePlayer
LogPluginManager: Mounting plugin ScreenshotTools
LogInit: Using libcurl 7.55.1-DEV
LogInit:  - built for x86_64-pc-win32
LogInit:  - supports SSL with OpenSSL/1.1.1
LogInit:  - supports HTTP deflate (compression) using libz 1.2.8
LogInit:  - other features:
LogInit:      CURL_VERSION_SSL
LogInit:      CURL_VERSION_LIBZ
LogInit:      CURL_VERSION_IPV6
LogInit:      CURL_VERSION_ASYNCHDNS
LogInit:      CURL_VERSION_LARGEFILE
LogInit:      CURL_VERSION_IDN
LogInit:  CurlRequestOptions (configurable via config and command line):
LogInit:  - bVerifyPeer = true  - Libcurl will verify peer certificate
LogInit:  - bUseHttpProxy = false  - Libcurl will NOT use HTTP proxy
LogInit:  - bDontReuseConnections = false  - Libcurl will reuse connections
LogInit:  - MaxHostConnections = 16  - Libcurl will limit the number of connections to a host
LogInit:  - LocalHostAddr = Default
LogInit:  - BufferSize = 65536
LogOnline: OSS: Creating online subsystem instance for: NULL
LogInit: WinSock: version 1.1 (2.2), MaxSocks=32767, MaxUdp=65467
LogOnline: OSS: TryLoadSubsystemAndSetDefault: Loaded subsystem for module [NULL]
LogInit: Build: ++UE4+Release-4.25-CL-13942748
LogInit: Engine Version: 4.25.3-13942748+++UE4+Release-4.25
LogInit: Compatible Engine Version: 4.25.0-13144385+++UE4+Release-4.25
LogInit: Net CL: 13144385
LogInit: OS: Windows 10 (Release 1909) (), CPU: Intel(R) Core(TM) i7-7700HQ CPU @ 2.80GHz, GPU: Intel(R) HD Graphics 630
LogInit: Compiled (64-bit): Jul 25 2020 02:07:48
LogInit: Compiled with Visual C++: 19.24.28315.00
LogInit: Build Configuration: Development
LogInit: Branch Name: ++UE4+Release-4.25
LogInit: Command Line: 
LogInit: Base Directory: C:/Program Files/Epic Games/UE_4.25/Engine/Binaries/Win64/
LogInit: Allocator: TBB
LogInit: Installed Engine Build: 1
LogDevObjectVersion: Number of dev versions registered: 26
LogDevObjectVersion:   Dev-Blueprints (B0D832E4-1F89-4F0D-ACCF-7EB736FD4AA2): 10
LogDevObjectVersion:   Dev-Build (E1C64328-A22C-4D53-A36C-8E866417BD8C): 0
LogDevObjectVersion:   Dev-Core (375EC13C-06E4-48FB-B500-84F0262A717E): 4
LogDevObjectVersion:   Dev-Editor (E4B068ED-F494-42E9-A231-DA0B2E46BB41): 38
LogDevObjectVersion:   Dev-Framework (CFFC743F-43B0-4480-9391-14DF171D2073): 37
LogDevObjectVersion:   Dev-Mobile (B02B49B5-BB20-44E9-A304-32B752E40360): 2
LogDevObjectVersion:   Dev-Networking (A4E4105C-59A1-49B5-A7C5-40C4547EDFEE): 0
LogDevObjectVersion:   Dev-Online (39C831C9-5AE6-47DC-9A44-9C173E1C8E7C): 0
LogDevObjectVersion:   Dev-Physics (78F01B33-EBEA-4F98-B9B4-84EACCB95AA2): 4
LogDevObjectVersion:   Dev-Platform (6631380F-2D4D-43E0-8009-CF276956A95A): 0
LogDevObjectVersion:   Dev-Rendering (12F88B9F-8875-4AFC-A67C-D90C383ABD29): 43
LogDevObjectVersion:   Dev-Sequencer (7B5AE74C-D270-4C10-A958-57980B212A5A): 12
LogDevObjectVersion:   Dev-VR (D7296918-1DD6-4BDD-9DE2-64A83CC13884): 3
LogDevObjectVersion:   Dev-LoadTimes (C2A15278-BFE7-4AFE-6C17-90FF531DF755): 1
LogDevObjectVersion:   Private-Geometry (6EACA3D4-40EC-4CC1-B786-8BED09428FC5): 3
LogDevObjectVersion:   Dev-AnimPhys (29E575DD-E0A3-4627-9D10-D276232CDCEA): 17
LogDevObjectVersion:   Dev-Anim (AF43A65D-7FD3-4947-9873-3E8ED9C1BB05): 7
LogDevObjectVersion:   Dev-ReflectionCapture (6B266CEC-1EC7-4B8F-A30B-E4D90942FC07): 1
LogDevObjectVersion:   Dev-Automation (0DF73D61-A23F-47EA-B727-89E90C41499A): 1
LogDevObjectVersion:   FortniteMain (601D1886-AC64-4F84-AA16-D3DE0DEAC7D6): 31
LogDevObjectVersion:   Dev-Enterprise (9DFFBCD6-494F-0158-E221-12823C92A888): 10
LogDevObjectVersion:   Dev-Niagara (F2AED0AC-9AFE-416F-8664-AA7FFA26D6FC): 1
LogDevObjectVersion:   Dev-Destruction (174F1F0B-B4C6-45A5-B13F-2EE8D0FB917D): 10
LogDevObjectVersion:   Dev-Physics-Ext (35F94A83-E258-406C-A318-09F59610247C): 37
LogDevObjectVersion:   Dev-PhysicsMaterial-Chaos (B68FC16E-8B1B-42E2-B453-215C058844FE): 1
LogDevObjectVersion:   Dev-CineCamera (B2E18506-4273-CFC2-A54E-F4BB758BBA07): 1
LogInit: Presizing for max 25165824 objects, including 0 objects not considered by GC, pre-allocating 0 bytes for permanent pool.
LogConfig: Applying CVar settings from Section [/Script/Engine.StreamingSettings] File [C:/Users/Shane/Documents/Unreal Projects/FPSGame_Capstone/Capstone/Saved/Config/Windows/Engine.ini]
LogConfig: Setting CVar [[s.MinBulkDataSizeForAsyncLoading:131072]]
LogConfig: Setting CVar [[s.AsyncLoadingThreadEnabled:0]]
LogConfig: Setting CVar [[s.EventDrivenLoaderEnabled:1]]
LogConfig: Setting CVar [[s.WarnIfTimeLimitExceeded:0]]
LogConfig: Setting CVar [[s.TimeLimitExceededMultiplier:1.5]]
LogConfig: Setting CVar [[s.TimeLimitExceededMinTime:0.005]]
LogConfig: Setting CVar [[s.UseBackgroundLevelStreaming:1]]
LogConfig: Setting CVar [[s.PriorityAsyncLoadingExtraTime:15.0]]
LogConfig: Setting CVar [[s.LevelStreamingActorsUpdateTimeLimit:5.0]]
LogConfig: Setting CVar [[s.PriorityLevelStreamingActorsUpdateExtraTime:5.0]]
LogConfig: Setting CVar [[s.LevelStreamingComponentsRegistrationGranularity:10]]
LogConfig: Setting CVar [[s.UnregisterComponentsTimeLimit:1.0]]
LogConfig: Setting CVar [[s.LevelStreamingComponentsUnregistrationGranularity:5]]
LogConfig: Setting CVar [[s.FlushStreamingOnExit:1]]
LogInit: Object subsystem initialized
LogConfig: Setting CVar [[con.DebugEarlyDefault:1]]
LogConfig: Setting CVar [[r.setres:1280x720]]
[2020.10.02-16.05.11:398][  0]LogConfig: Setting CVar [[r.VSync:0]]
[2020.10.02-16.05.11:399][  0]LogConfig: Setting CVar [[r.RHICmdBypass:0]]
[2020.10.02-16.05.11:399][  0]LogConfig: Applying CVar settings from Section [/Script/Engine.RendererSettings] File [C:/Users/Shane/Documents/Unreal Projects/FPSGame_Capstone/Capstone/Saved/Config/Windows/Engine.ini]
[2020.10.02-16.05.11:399][  0]LogConfig: Setting CVar [[r.GPUCrashDebugging:0]]
[2020.10.02-16.05.11:399][  0]LogConfig: Applying CVar settings from Section [/Script/Engine.RendererOverrideSettings] File [C:/Users/Shane/Documents/Unreal Projects/FPSGame_Capstone/Capstone/Saved/Config/Windows/Engine.ini]
[2020.10.02-16.05.11:399][  0]LogConfig: Applying CVar settings from Section [/Script/Engine.StreamingSettings] File [C:/Users/Shane/Documents/Unreal Projects/FPSGame_Capstone/Capstone/Saved/Config/Windows/Engine.ini]
[2020.10.02-16.05.11:399][  0]LogConfig: Setting CVar [[s.MinBulkDataSizeForAsyncLoading:131072]]
[2020.10.02-16.05.11:399][  0]LogConfig: Setting CVar [[s.AsyncLoadingThreadEnabled:0]]
[2020.10.02-16.05.11:399][  0]LogConfig: Setting CVar [[s.EventDrivenLoaderEnabled:1]]
[2020.10.02-16.05.11:399][  0]LogConfig: Setting CVar [[s.WarnIfTimeLimitExceeded:0]]
[2020.10.02-16.05.11:399][  0]LogConfig: Setting CVar [[s.TimeLimitExceededMultiplier:1.5]]
[2020.10.02-16.05.11:399][  0]LogConfig: Setting CVar [[s.TimeLimitExceededMinTime:0.005]]
[2020.10.02-16.05.11:399][  0]LogConfig: Setting CVar [[s.UseBackgroundLevelStreaming:1]]
[2020.10.02-16.05.11:399][  0]LogConfig: Setting CVar [[s.PriorityAsyncLoadingExtraTime:15.0]]
[2020.10.02-16.05.11:399][  0]LogConfig: Setting CVar [[s.LevelStreamingActorsUpdateTimeLimit:5.0]]
[2020.10.02-16.05.11:399][  0]LogConfig: Setting CVar [[s.PriorityLevelStreamingActorsUpdateExtraTime:5.0]]
[2020.10.02-16.05.11:399][  0]LogConfig: Setting CVar [[s.LevelStreamingComponentsRegistrationGranularity:10]]
[2020.10.02-16.05.11:399][  0]LogConfig: Setting CVar [[s.UnregisterComponentsTimeLimit:1.0]]
[2020.10.02-16.05.11:399][  0]LogConfig: Setting CVar [[s.LevelStreamingComponentsUnregistrationGranularity:5]]
[2020.10.02-16.05.11:399][  0]LogConfig: Setting CVar [[s.FlushStreamingOnExit:1]]
[2020.10.02-16.05.11:399][  0]LogConfig: Applying CVar settings from Section [/Script/Engine.GarbageCollectionSettings] File [C:/Users/Shane/Documents/Unreal Projects/FPSGame_Capstone/Capstone/Saved/Config/Windows/Engine.ini]
[2020.10.02-16.05.11:399][  0]LogConfig: Setting CVar [[gc.MaxObjectsNotConsideredByGC:1]]
[2020.10.02-16.05.11:399][  0]LogConfig: Setting CVar [[gc.SizeOfPermanentObjectPool:0]]
[2020.10.02-16.05.11:399][  0]LogConfig: Setting CVar [[gc.FlushStreamingOnGC:0]]
[2020.10.02-16.05.11:399][  0]LogConfig: Setting CVar [[gc.NumRetriesBeforeForcingGC:10]]
[2020.10.02-16.05.11:400][  0]LogConfig: Setting CVar [[gc.AllowParallelGC:1]]
[2020.10.02-16.05.11:400][  0]LogConfig: Setting CVar [[gc.TimeBetweenPurgingPendingKillObjects:61.1]]
[2020.10.02-16.05.11:400][  0]LogConfig: Setting CVar [[gc.MaxObjectsInEditor:25165824]]
[2020.10.02-16.05.11:400][  0]LogConfig: Setting CVar [[gc.IncrementalBeginDestroyEnabled:1]]
[2020.10.02-16.05.11:400][  0]LogConfig: Setting CVar [[gc.CreateGCClusters:1]]
[2020.10.02-16.05.11:400][  0]LogConfig: Setting CVar [[gc.MinGCClusterSize:5]]
[2020.10.02-16.05.11:400][  0]LogConfig: Setting CVar [[gc.ActorClusteringEnabled:0]]
[2020.10.02-16.05.11:400][  0]LogConfig: Setting CVar [[gc.BlueprintClusteringEnabled:0]]
[2020.10.02-16.05.11:400][  0]LogConfig: Setting CVar [[gc.UseDisregardForGCOnDedicatedServers:0]]
[2020.10.02-16.05.11:400][  0]LogConfig: Applying CVar settings from Section [/Script/Engine.NetworkSettings] File [C:/Users/Shane/Documents/Unreal Projects/FPSGame_Capstone/Capstone/Saved/Config/Windows/Engine.ini]
[2020.10.02-16.05.11:400][  0]LogConfig: Applying CVar settings from Section [/Script/UnrealEd.CookerSettings] File [C:/Users/Shane/Documents/Unreal Projects/FPSGame_Capstone/Capstone/Saved/Config/Windows/Engine.ini]
[2020.10.02-16.05.11:404][  0]LogConfig: Applying CVar settings from Section [ViewDistanceQuality@3] File [C:/Users/Shane/Documents/Unreal Projects/FPSGame_Capstone/Capstone/Saved/Config/Windows/Scalability.ini]
[2020.10.02-16.05.11:404][  0]LogConfig: Setting CVar [[r.SkeletalMeshLODBias:0]]
[2020.10.02-16.05.11:404][  0]LogConfig: Setting CVar [[r.ViewDistanceScale:1.0]]
[2020.10.02-16.05.11:404][  0]LogConfig: Applying CVar settings from Section [AntiAliasingQuality@3] File [C:/Users/Shane/Documents/Unreal Projects/FPSGame_Capstone/Capstone/Saved/Config/Windows/Scalability.ini]
[2020.10.02-16.05.11:404][  0]LogConfig: Setting CVar [[r.PostProcessAAQuality:4]]
[2020.10.02-16.05.11:404][  0]LogConfig: Applying CVar settings from Section [ShadowQuality@3] File [C:/Users/Shane/Documents/Unreal Projects/FPSGame_Capstone/Capstone/Saved/Config/Windows/Scalability.ini]
[2020.10.02-16.05.11:404][  0]LogConfig: Setting CVar [[r.LightFunctionQuality:1]]
[2020.10.02-16.05.11:404][  0]LogConfig: Setting CVar [[r.ShadowQuality:5]]
[2020.10.02-16.05.11:405][  0]LogConfig: Setting CVar [[r.Shadow.CSM.MaxCascades:10]]
[2020.10.02-16.05.11:405][  0]LogConfig: Setting CVar [[r.Shadow.MaxResolution:2048]]
[2020.10.02-16.05.11:405][  0]LogConfig: Setting CVar [[r.Shadow.MaxCSMResolution:2048]]
[2020.10.02-16.05.11:405][  0]LogConfig: Setting CVar [[r.Shadow.RadiusThreshold:0.01]]
[2020.10.02-16.05.11:405][  0]LogConfig: Setting CVar [[r.Shadow.DistanceScale:1.0]]
[2020.10.02-16.05.11:405][  0]LogConfig: Setting CVar [[r.Shadow.CSM.TransitionScale:1.0]]
[2020.10.02-16.05.11:405][  0]LogConfig: Setting CVar [[r.Shadow.PreShadowResolutionFactor:1.0]]
[2020.10.02-16.05.11:405][  0]LogConfig: Setting CVar [[r.DistanceFieldShadowing:1]]
[2020.10.02-16.05.11:405][  0]LogConfig: Setting CVar [[r.DistanceFieldAO:1]]
[2020.10.02-16.05.11:405][  0]LogConfig: Setting CVar [[r.AOQuality:2]]
[2020.10.02-16.05.11:405][  0]LogConfig: Setting CVar [[r.VolumetricFog:1]]
[2020.10.02-16.05.11:405][  0]LogConfig: Setting CVar [[r.VolumetricFog.GridPixelSize:8]]
[2020.10.02-16.05.11:405][  0]LogConfig: Setting CVar [[r.VolumetricFog.GridSizeZ:128]]
[2020.10.02-16.05.11:405][  0]LogConfig: Setting CVar [[r.VolumetricFog.HistoryMissSupersampleCount:4]]
[2020.10.02-16.05.11:405][  0]LogConfig: Setting CVar [[r.LightMaxDrawDistanceScale:1]]
[2020.10.02-16.05.11:405][  0]LogConfig: Setting CVar [[r.CapsuleShadows:1]]
[2020.10.02-16.05.11:405][  0]LogConfig: Applying CVar settings from Section [PostProcessQuality@3] File [C:/Users/Shane/Documents/Unreal Projects/FPSGame_Capstone/Capstone/Saved/Config/Windows/Scalability.ini]
[2020.10.02-16.05.11:405][  0]LogConfig: Setting CVar [[r.MotionBlurQuality:4]]
[2020.10.02-16.05.11:405][  0]LogConfig: Setting CVar [[r.AmbientOcclusionMipLevelFactor:0.4]]
[2020.10.02-16.05.11:405][  0]LogConfig: Setting CVar [[r.AmbientOcclusionMaxQuality:100]]
[2020.10.02-16.05.11:405][  0]LogConfig: Setting CVar [[r.AmbientOcclusionLevels:-1]]
[2020.10.02-16.05.11:405][  0]LogConfig: Setting CVar [[r.AmbientOcclusionRadiusScale:1.0]]
[2020.10.02-16.05.11:405][  0]LogConfig: Setting CVar [[r.DepthOfFieldQuality:2]]
[2020.10.02-16.05.11:405][  0]LogConfig: Setting CVar [[r.RenderTargetPoolMin:400]]
[2020.10.02-16.05.11:405][  0]LogConfig: Setting CVar [[r.LensFlareQuality:2]]
[2020.10.02-16.05.11:405][  0]LogConfig: Setting CVar [[r.SceneColorFringeQuality:1]]
[2020.10.02-16.05.11:405][  0]LogConfig: Setting CVar [[r.EyeAdaptationQuality:2]]
[2020.10.02-16.05.11:405][  0]LogConfig: Setting CVar [[r.BloomQuality:5]]
[2020.10.02-16.05.11:405][  0]LogConfig: Setting CVar [[r.FastBlurThreshold:100]]
[2020.10.02-16.05.11:405][  0]LogConfig: Setting CVar [[r.Upscale.Quality:3]]
[2020.10.02-16.05.11:405][  0]LogConfig: Setting CVar [[r.Tonemapper.GrainQuantization:1]]
[2020.10.02-16.05.11:405][  0]LogConfig: Setting CVar [[r.LightShaftQuality:1]]
[2020.10.02-16.05.11:405][  0]LogConfig: Setting CVar [[r.Filter.SizeScale:1]]
[2020.10.02-16.05.11:405][  0]LogConfig: Setting CVar [[r.Tonemapper.Quality:5]]
[2020.10.02-16.05.11:405][  0]LogConfig: Setting CVar [[r.DOF.Gather.AccumulatorQuality:1        ; higher gathering accumulator quality]]
[2020.10.02-16.05.11:405][  0]LogConfig: Setting CVar [[r.DOF.Gather.PostfilterMethod:1          ; Median3x3 postfilering method]]
[2020.10.02-16.05.11:405][  0]LogConfig: Setting CVar [[r.DOF.Gather.EnableBokehSettings:0       ; no bokeh simulation when gathering]]
[2020.10.02-16.05.11:405][  0]LogConfig: Setting CVar [[r.DOF.Gather.RingCount:4                 ; medium number of samples when gathering]]
[2020.10.02-16.05.11:405][  0]LogConfig: Setting CVar [[r.DOF.Scatter.ForegroundCompositing:1    ; additive foreground scattering]]
[2020.10.02-16.05.11:405][  0]LogConfig: Setting CVar [[r.DOF.Scatter.BackgroundCompositing:2    ; additive background scattering]]
[2020.10.02-16.05.11:405][  0]LogConfig: Setting CVar [[r.DOF.Scatter.EnableBokehSettings:1      ; bokeh simulation when scattering]]
[2020.10.02-16.05.11:405][  0]LogConfig: Setting CVar [[r.DOF.Scatter.MaxSpriteRatio:0.1         ; only a maximum of 10% of scattered bokeh]]
[2020.10.02-16.05.11:405][  0]LogConfig: Setting CVar [[r.DOF.Recombine.Quality:1                ; cheap slight out of focus]]
[2020.10.02-16.05.11:405][  0]LogConfig: Setting CVar [[r.DOF.Recombine.EnableBokehSettings:0    ; no bokeh simulation on slight out of focus]]
[2020.10.02-16.05.11:405][  0]LogConfig: Setting CVar [[r.DOF.TemporalAAQuality:1                ; more stable temporal accumulation]]
[2020.10.02-16.05.11:405][  0]LogConfig: Setting CVar [[r.DOF.Kernel.MaxForegroundRadius:0.025]]
[2020.10.02-16.05.11:405][  0]LogConfig: Setting CVar [[r.DOF.Kernel.MaxBackgroundRadius:0.025]]
[2020.10.02-16.05.11:405][  0]LogConfig: Applying CVar settings from Section [TextureQuality@3] File [C:/Users/Shane/Documents/Unreal Projects/FPSGame_Capstone/Capstone/Saved/Config/Windows/Scalability.ini]
[2020.10.02-16.05.11:405][  0]LogConfig: Setting CVar [[r.Streaming.MipBias:0]]
[2020.10.02-16.05.11:405][  0]LogConfig: Setting CVar [[r.Streaming.AmortizeCPUToGPUCopy:0]]
[2020.10.02-16.05.11:405][  0]LogConfig: Setting CVar [[r.Streaming.MaxNumTexturesToStreamPerFrame:0]]
[2020.10.02-16.05.11:405][  0]LogConfig: Setting CVar [[r.Streaming.Boost:1]]
[2020.10.02-16.05.11:405][  0]LogConfig: Setting CVar [[r.MaxAnisotropy:8]]
[2020.10.02-16.05.11:405][  0]LogConfig: Setting CVar [[r.VT.MaxAnisotropy:8]]
[2020.10.02-16.05.11:405][  0]LogConfig: Setting CVar [[r.Streaming.LimitPoolSizeToVRAM:0]]
[2020.10.02-16.05.11:405][  0]LogConfig: Setting CVar [[r.Streaming.PoolSize:1000]]
[2020.10.02-16.05.11:405][  0]LogConfig: Setting CVar [[r.Streaming.MaxEffectiveScreenSize:0]]
[2020.10.02-16.05.11:405][  0]LogConfig: Applying CVar settings from Section [EffectsQuality@3] File [C:/Users/Shane/Documents/Unreal Projects/FPSGame_Capstone/Capstone/Saved/Config/Windows/Scalability.ini]
[2020.10.02-16.05.11:405][  0]LogConfig: Setting CVar [[r.TranslucencyLightingVolumeDim:64]]
[2020.10.02-16.05.11:405][  0]LogConfig: Setting CVar [[r.RefractionQuality:2]]
[2020.10.02-16.05.11:405][  0]LogConfig: Setting CVar [[r.SSR.Quality:3]]
[2020.10.02-16.05.11:405][  0]LogConfig: Setting CVar [[r.SSR.HalfResSceneColor:0]]
[2020.10.02-16.05.11:405][  0]LogConfig: Setting CVar [[r.SceneColorFormat:4]]
[2020.10.02-16.05.11:405][  0]LogConfig: Setting CVar [[r.DetailMode:2]]
[2020.10.02-16.05.11:405][  0]LogConfig: Setting CVar [[r.TranslucencyVolumeBlur:1]]
[2020.10.02-16.05.11:406][  0]LogConfig: Setting CVar [[r.MaterialQualityLevel:1 ; High quality]]
[2020.10.02-16.05.11:406][  0]LogConfig: Setting CVar [[r.SSS.Scale:1]]
[2020.10.02-16.05.11:406][  0]LogConfig: Setting CVar [[r.SSS.SampleSet:2]]
[2020.10.02-16.05.11:406][  0]LogConfig: Setting CVar [[r.SSS.Quality:1]]
[2020.10.02-16.05.11:406][  0]LogConfig: Setting CVar [[r.SSS.HalfRes:0]]
[2020.10.02-16.05.11:406][  0]LogConfig: Setting CVar [[r.SSGI.Quality:3]]
[2020.10.02-16.05.11:406][  0]LogConfig: Setting CVar [[r.EmitterSpawnRateScale:1.0]]
[2020.10.02-16.05.11:406][  0]LogConfig: Setting CVar [[r.ParticleLightQuality:2]]
[2020.10.02-16.05.11:406][  0]LogConfig: Setting CVar [[r.SkyAtmosphere.AerialPerspectiveLUT.FastApplyOnOpaque:1 ; Always have FastSkyLUT 1 in this case to avoid wrong sky]]
[2020.10.02-16.05.11:406][  0]LogConfig: Setting CVar [[r.SkyAtmosphere.AerialPerspectiveLUT.SampleCountPerSlice:1]]
[2020.10.02-16.05.11:406][  0]LogConfig: Setting CVar [[r.SkyAtmosphere.AerialPerspectiveLUT.DepthResolution:16.0]]
[2020.10.02-16.05.11:406][  0]LogConfig: Setting CVar [[r.SkyAtmosphere.FastSkyLUT:1]]
[2020.10.02-16.05.11:406][  0]LogConfig: Setting CVar [[r.SkyAtmosphere.FastSkyLUT.SampleCountMin:4.0]]
[2020.10.02-16.05.11:406][  0]LogConfig: Setting CVar [[r.SkyAtmosphere.FastSkyLUT.SampleCountMax:32.0]]
[2020.10.02-16.05.11:406][  0]LogConfig: Setting CVar [[r.SkyAtmosphere.SampleCountMin:4.0]]
[2020.10.02-16.05.11:406][  0]LogConfig: Setting CVar [[r.SkyAtmosphere.SampleCountMax:32.0]]
[2020.10.02-16.05.11:406][  0]LogConfig: Setting CVar [[r.SkyAtmosphere.TransmittanceLUT.UseSmallFormat:0]]
[2020.10.02-16.05.11:406][  0]LogConfig: Setting CVar [[r.SkyAtmosphere.TransmittanceLUT.SampleCount:10.0]]
[2020.10.02-16.05.11:406][  0]LogConfig: Setting CVar [[r.SkyAtmosphere.MultiScatteringLUT.SampleCount:15.0]]
[2020.10.02-16.05.11:406][  0]LogConfig: Applying CVar settings from Section [FoliageQuality@3] File [C:/Users/Shane/Documents/Unreal Projects/FPSGame_Capstone/Capstone/Saved/Config/Windows/Scalability.ini]
[2020.10.02-16.05.11:406][  0]LogConfig: Setting CVar [[foliage.DensityScale:1.0]]
[2020.10.02-16.05.11:406][  0]LogConfig: Setting CVar [[grass.DensityScale:1.0]]
[2020.10.02-16.05.11:406][  0]LogConfig: Applying CVar settings from Section [ShadingQuality@3] File [C:/Users/Shane/Documents/Unreal Projects/FPSGame_Capstone/Capstone/Saved/Config/Windows/Scalability.ini]
[2020.10.02-16.05.11:406][  0]LogConfig: Setting CVar [[r.HairStrands.SkyLighting.SampleCount:16]]
[2020.10.02-16.05.11:406][  0]LogConfig: Setting CVar [[r.HairStrands.SkyLighting.JitterIntegration:0]]
[2020.10.02-16.05.11:406][  0]LogConfig: Setting CVar [[r.HairStrands.SkyAO.SampleCount:16]]
[2020.10.02-16.05.11:406][  0]LogConfig: Setting CVar [[r.HairStrands.DeepShadow.SuperSampling:0]]
[2020.10.02-16.05.11:406][  0]LogConfig: Setting CVar [[r.HairStrands.VisibilityPPLL:0]]
[2020.10.02-16.05.11:406][  0]LogConfig: Setting CVar [[r.HairStrands.RasterizationScale:0.5]]
[2020.10.02-16.05.11:406][  0]LogConfig: Setting CVar [[r.HairStrands.VelocityRasterizationScale:1]]
[2020.10.02-16.05.11:406][  0]LogInit: Selected Device Profile: [Windows]
[2020.10.02-16.05.11:406][  0]LogInit: Applying CVar settings loaded from the selected device profile: [Windows]
[2020.10.02-16.05.11:407][  0]LogHAL: Display: Platform has ~ 16 GB [17039638528 / 17179869184 / 16], which maps to Larger [LargestMinGB=32, LargerMinGB=12, DefaultMinGB=8, SmallerMinGB=6, SmallestMinGB=0)
[2020.10.02-16.05.11:407][  0]LogInit: Going up to parent DeviceProfile []
[2020.10.02-16.05.11:408][  0]LogConfig: Applying CVar settings from Section [ViewDistanceQuality@3] File [C:/Users/Shane/Documents/Unreal Projects/FPSGame_Capstone/Capstone/Saved/Config/Windows/Scalability.ini]
[2020.10.02-16.05.11:408][  0]LogConfig: Setting CVar [[r.SkeletalMeshLODBias:0]]
[2020.10.02-16.05.11:408][  0]LogConfig: Setting CVar [[r.ViewDistanceScale:1.0]]
[2020.10.02-16.05.11:408][  0]LogConfig: Applying CVar settings from Section [AntiAliasingQuality@3] File [C:/Users/Shane/Documents/Unreal Projects/FPSGame_Capstone/Capstone/Saved/Config/Windows/Scalability.ini]
[2020.10.02-16.05.11:408][  0]LogConfig: Setting CVar [[r.PostProcessAAQuality:4]]
[2020.10.02-16.05.11:408][  0]LogConfig: Applying CVar settings from Section [ShadowQuality@3] File [C:/Users/Shane/Documents/Unreal Projects/FPSGame_Capstone/Capstone/Saved/Config/Windows/Scalability.ini]
[2020.10.02-16.05.11:408][  0]LogConfig: Setting CVar [[r.LightFunctionQuality:1]]
[2020.10.02-16.05.11:408][  0]LogConfig: Setting CVar [[r.ShadowQuality:5]]
[2020.10.02-16.05.11:408][  0]LogConfig: Setting CVar [[r.Shadow.CSM.MaxCascades:10]]
[2020.10.02-16.05.11:408][  0]LogConfig: Setting CVar [[r.Shadow.MaxResolution:2048]]
[2020.10.02-16.05.11:408][  0]LogConfig: Setting CVar [[r.Shadow.MaxCSMResolution:2048]]
[2020.10.02-16.05.11:408][  0]LogConfig: Setting CVar [[r.Shadow.RadiusThreshold:0.01]]
[2020.10.02-16.05.11:408][  0]LogConfig: Setting CVar [[r.Shadow.DistanceScale:1.0]]
[2020.10.02-16.05.11:408][  0]LogConfig: Setting CVar [[r.Shadow.CSM.TransitionScale:1.0]]
[2020.10.02-16.05.11:408][  0]LogConfig: Setting CVar [[r.Shadow.PreShadowResolutionFactor:1.0]]
[2020.10.02-16.05.11:408][  0]LogConfig: Setting CVar [[r.DistanceFieldShadowing:1]]
[2020.10.02-16.05.11:408][  0]LogConfig: Setting CVar [[r.DistanceFieldAO:1]]
[2020.10.02-16.05.11:408][  0]LogConfig: Setting CVar [[r.AOQuality:2]]
[2020.10.02-16.05.11:408][  0]LogConfig: Setting CVar [[r.VolumetricFog:1]]
[2020.10.02-16.05.11:408][  0]LogConfig: Setting CVar [[r.VolumetricFog.GridPixelSize:8]]
[2020.10.02-16.05.11:408][  0]LogConfig: Setting CVar [[r.VolumetricFog.GridSizeZ:128]]
[2020.10.02-16.05.11:408][  0]LogConfig: Setting CVar [[r.VolumetricFog.HistoryMissSupersampleCount:4]]
[2020.10.02-16.05.11:408][  0]LogConfig: Setting CVar [[r.LightMaxDrawDistanceScale:1]]
[2020.10.02-16.05.11:408][  0]LogConfig: Setting CVar [[r.CapsuleShadows:1]]
[2020.10.02-16.05.11:408][  0]LogConfig: Applying CVar settings from Section [PostProcessQuality@3] File [C:/Users/Shane/Documents/Unreal Projects/FPSGame_Capstone/Capstone/Saved/Config/Windows/Scalability.ini]
[2020.10.02-16.05.11:408][  0]LogConfig: Setting CVar [[r.MotionBlurQuality:4]]
[2020.10.02-16.05.11:408][  0]LogConfig: Setting CVar [[r.AmbientOcclusionMipLevelFactor:0.4]]
[2020.10.02-16.05.11:408][  0]LogConfig: Setting CVar [[r.AmbientOcclusionMaxQuality:100]]
[2020.10.02-16.05.11:408][  0]LogConfig: Setting CVar [[r.AmbientOcclusionLevels:-1]]
[2020.10.02-16.05.11:408][  0]LogConfig: Setting CVar [[r.AmbientOcclusionRadiusScale:1.0]]
[2020.10.02-16.05.11:408][  0]LogConfig: Setting CVar [[r.DepthOfFieldQuality:2]]
[2020.10.02-16.05.11:408][  0]LogConfig: Setting CVar [[r.RenderTargetPoolMin:400]]
[2020.10.02-16.05.11:408][  0]LogConfig: Setting CVar [[r.LensFlareQuality:2]]
[2020.10.02-16.05.11:408][  0]LogConfig: Setting CVar [[r.SceneColorFringeQuality:1]]
[2020.10.02-16.05.11:408][  0]LogConfig: Setting CVar [[r.EyeAdaptationQuality:2]]
[2020.10.02-16.05.11:408][  0]LogConfig: Setting CVar [[r.BloomQuality:5]]
[2020.10.02-16.05.11:408][  0]LogConfig: Setting CVar [[r.FastBlurThreshold:100]]
[2020.10.02-16.05.11:408][  0]LogConfig: Setting CVar [[r.Upscale.Quality:3]]
[2020.10.02-16.05.11:408][  0]LogConfig: Setting CVar [[r.Tonemapper.GrainQuantization:1]]
[2020.10.02-16.05.11:408][  0]LogConfig: Setting CVar [[r.LightShaftQuality:1]]
[2020.10.02-16.05.11:409][  0]LogConfig: Setting CVar [[r.Filter.SizeScale:1]]
[2020.10.02-16.05.11:409][  0]LogConfig: Setting CVar [[r.Tonemapper.Quality:5]]
[2020.10.02-16.05.11:409][  0]LogConfig: Setting CVar [[r.DOF.Gather.AccumulatorQuality:1        ; higher gathering accumulator quality]]
[2020.10.02-16.05.11:409][  0]LogConfig: Setting CVar [[r.DOF.Gather.PostfilterMethod:1          ; Median3x3 postfilering method]]
[2020.10.02-16.05.11:409][  0]LogConfig: Setting CVar [[r.DOF.Gather.EnableBokehSettings:0       ; no bokeh simulation when gathering]]
[2020.10.02-16.05.11:409][  0]LogConfig: Setting CVar [[r.DOF.Gather.RingCount:4                 ; medium number of samples when gathering]]
[2020.10.02-16.05.11:409][  0]LogConfig: Setting CVar [[r.DOF.Scatter.ForegroundCompositing:1    ; additive foreground scattering]]
[2020.10.02-16.05.11:409][  0]LogConfig: Setting CVar [[r.DOF.Scatter.BackgroundCompositing:2    ; additive background scattering]]
[2020.10.02-16.05.11:409][  0]LogConfig: Setting CVar [[r.DOF.Scatter.EnableBokehSettings:1      ; bokeh simulation when scattering]]
[2020.10.02-16.05.11:409][  0]LogConfig: Setting CVar [[r.DOF.Scatter.MaxSpriteRatio:0.1         ; only a maximum of 10% of scattered bokeh]]
[2020.10.02-16.05.11:409][  0]LogConfig: Setting CVar [[r.DOF.Recombine.Quality:1                ; cheap slight out of focus]]
[2020.10.02-16.05.11:409][  0]LogConfig: Setting CVar [[r.DOF.Recombine.EnableBokehSettings:0    ; no bokeh simulation on slight out of focus]]
[2020.10.02-16.05.11:409][  0]LogConfig: Setting CVar [[r.DOF.TemporalAAQuality:1                ; more stable temporal accumulation]]
[2020.10.02-16.05.11:409][  0]LogConfig: Setting CVar [[r.DOF.Kernel.MaxForegroundRadius:0.025]]
[2020.10.02-16.05.11:409][  0]LogConfig: Setting CVar [[r.DOF.Kernel.MaxBackgroundRadius:0.025]]
[2020.10.02-16.05.11:409][  0]LogConfig: Applying CVar settings from Section [TextureQuality@3] File [C:/Users/Shane/Documents/Unreal Projects/FPSGame_Capstone/Capstone/Saved/Config/Windows/Scalability.ini]
[2020.10.02-16.05.11:409][  0]LogConfig: Setting CVar [[r.Streaming.MipBias:0]]
[2020.10.02-16.05.11:409][  0]LogConfig: Setting CVar [[r.Streaming.AmortizeCPUToGPUCopy:0]]
[2020.10.02-16.05.11:409][  0]LogConfig: Setting CVar [[r.Streaming.MaxNumTexturesToStreamPerFrame:0]]
[2020.10.02-16.05.11:409][  0]LogConfig: Setting CVar [[r.Streaming.Boost:1]]
[2020.10.02-16.05.11:409][  0]LogConfig: Setting CVar [[r.MaxAnisotropy:8]]
[2020.10.02-16.05.11:409][  0]LogConfig: Setting CVar [[r.VT.MaxAnisotropy:8]]
[2020.10.02-16.05.11:409][  0]LogConfig: Setting CVar [[r.Streaming.LimitPoolSizeToVRAM:0]]
[2020.10.02-16.05.11:409][  0]LogConfig: Setting CVar [[r.Streaming.PoolSize:1000]]
[2020.10.02-16.05.11:409][  0]LogConfig: Setting CVar [[r.Streaming.MaxEffectiveScreenSize:0]]
[2020.10.02-16.05.11:409][  0]LogConfig: Applying CVar settings from Section [EffectsQuality@3] File [C:/Users/Shane/Documents/Unreal Projects/FPSGame_Capstone/Capstone/Saved/Config/Windows/Scalability.ini]
[2020.10.02-16.05.11:409][  0]LogConfig: Setting CVar [[r.TranslucencyLightingVolumeDim:64]]
[2020.10.02-16.05.11:409][  0]LogConfig: Setting CVar [[r.RefractionQuality:2]]
[2020.10.02-16.05.11:409][  0]LogConfig: Setting CVar [[r.SSR.Quality:3]]
[2020.10.02-16.05.11:409][  0]LogConfig: Setting CVar [[r.SSR.HalfResSceneColor:0]]
[2020.10.02-16.05.11:409][  0]LogConfig: Setting CVar [[r.SceneColorFormat:4]]
[2020.10.02-16.05.11:409][  0]LogConfig: Setting CVar [[r.DetailMode:2]]
[2020.10.02-16.05.11:409][  0]LogConfig: Setting CVar [[r.TranslucencyVolumeBlur:1]]
[2020.10.02-16.05.11:409][  0]LogConfig: Setting CVar [[r.MaterialQualityLevel:1 ; High quality]]
[2020.10.02-16.05.11:409][  0]LogConfig: Setting CVar [[r.SSS.Scale:1]]
[2020.10.02-16.05.11:409][  0]LogConfig: Setting CVar [[r.SSS.SampleSet:2]]
[2020.10.02-16.05.11:409][  0]LogConfig: Setting CVar [[r.SSS.Quality:1]]
[2020.10.02-16.05.11:409][  0]LogConfig: Setting CVar [[r.SSS.HalfRes:0]]
[2020.10.02-16.05.11:409][  0]LogConfig: Setting CVar [[r.SSGI.Quality:3]]
[2020.10.02-16.05.11:409][  0]LogConfig: Setting CVar [[r.EmitterSpawnRateScale:1.0]]
[2020.10.02-16.05.11:409][  0]LogConfig: Setting CVar [[r.ParticleLightQuality:2]]
[2020.10.02-16.05.11:409][  0]LogConfig: Setting CVar [[r.SkyAtmosphere.AerialPerspectiveLUT.FastApplyOnOpaque:1 ; Always have FastSkyLUT 1 in this case to avoid wrong sky]]
[2020.10.02-16.05.11:409][  0]LogConfig: Setting CVar [[r.SkyAtmosphere.AerialPerspectiveLUT.SampleCountPerSlice:1]]
[2020.10.02-16.05.11:409][  0]LogConfig: Setting CVar [[r.SkyAtmosphere.AerialPerspectiveLUT.DepthResolution:16.0]]
[2020.10.02-16.05.11:409][  0]LogConfig: Setting CVar [[r.SkyAtmosphere.FastSkyLUT:1]]
[2020.10.02-16.05.11:409][  0]LogConfig: Setting CVar [[r.SkyAtmosphere.FastSkyLUT.SampleCountMin:4.0]]
[2020.10.02-16.05.11:409][  0]LogConfig: Setting CVar [[r.SkyAtmosphere.FastSkyLUT.SampleCountMax:32.0]]
[2020.10.02-16.05.11:409][  0]LogConfig: Setting CVar [[r.SkyAtmosphere.SampleCountMin:4.0]]
[2020.10.02-16.05.11:409][  0]LogConfig: Setting CVar [[r.SkyAtmosphere.SampleCountMax:32.0]]
[2020.10.02-16.05.11:409][  0]LogConfig: Setting CVar [[r.SkyAtmosphere.TransmittanceLUT.UseSmallFormat:0]]
[2020.10.02-16.05.11:409][  0]LogConfig: Setting CVar [[r.SkyAtmosphere.TransmittanceLUT.SampleCount:10.0]]
[2020.10.02-16.05.11:409][  0]LogConfig: Setting CVar [[r.SkyAtmosphere.MultiScatteringLUT.SampleCount:15.0]]
[2020.10.02-16.05.11:409][  0]LogConfig: Applying CVar settings from Section [FoliageQuality@3] File [C:/Users/Shane/Documents/Unreal Projects/FPSGame_Capstone/Capstone/Saved/Config/Windows/Scalability.ini]
[2020.10.02-16.05.11:409][  0]LogConfig: Setting CVar [[foliage.DensityScale:1.0]]
[2020.10.02-16.05.11:409][  0]LogConfig: Setting CVar [[grass.DensityScale:1.0]]
[2020.10.02-16.05.11:409][  0]LogConfig: Applying CVar settings from Section [ShadingQuality@3] File [C:/Users/Shane/Documents/Unreal Projects/FPSGame_Capstone/Capstone/Saved/Config/Windows/Scalability.ini]
[2020.10.02-16.05.11:409][  0]LogConfig: Setting CVar [[r.HairStrands.SkyLighting.SampleCount:16]]
[2020.10.02-16.05.11:409][  0]LogConfig: Setting CVar [[r.HairStrands.SkyLighting.JitterIntegration:0]]
[2020.10.02-16.05.11:409][  0]LogConfig: Setting CVar [[r.HairStrands.SkyAO.SampleCount:16]]
[2020.10.02-16.05.11:409][  0]LogConfig: Setting CVar [[r.HairStrands.DeepShadow.SuperSampling:0]]
[2020.10.02-16.05.11:409][  0]LogConfig: Setting CVar [[r.HairStrands.VisibilityPPLL:0]]
[2020.10.02-16.05.11:409][  0]LogConfig: Setting CVar [[r.HairStrands.RasterizationScale:0.5]]
[2020.10.02-16.05.11:409][  0]LogConfig: Setting CVar [[r.HairStrands.VelocityRasterizationScale:1]]
[2020.10.02-16.05.11:409][  0]LogConfig: Applying CVar settings from Section [Startup] File [../../../Engine/Config/ConsoleVariables.ini]
[2020.10.02-16.05.11:417][  0]LogConfig: Setting CVar [[net.UseAdaptiveNetUpdateFrequency:0]]
[2020.10.02-16.05.11:417][  0]LogConfig: Setting CVar [[p.chaos.AllowCreatePhysxBodies:1]]
[2020.10.02-16.05.11:417][  0]LogConfig: Setting CVar [[fx.SkipVectorVMBackendOptimizations:1]]
[2020.10.02-16.05.11:417][  0]LogConfig: Applying CVar settings from Section [ConsoleVariables] File [C:/Users/Shane/Documents/Unreal Projects/FPSGame_Capstone/Capstone/Saved/Config/Windows/Engine.ini]
[2020.10.02-16.05.11:418][  0]LogInit: Computer: DESKTOP-GPJ5O93
[2020.10.02-16.05.11:418][  0]LogInit: User: Shane
[2020.10.02-16.05.11:418][  0]LogInit: CPU Page size=4096, Cores=4
[2020.10.02-16.05.11:418][  0]LogInit: High frequency timer resolution =10.000000 MHz
[2020.10.02-16.05.11:418][  0]LogMemory: Memory total: Physical=15.9GB (16GB approx)
[2020.10.02-16.05.11:418][  0]LogMemory: Platform Memory Stats for Windows
[2020.10.02-16.05.11:418][  0]LogMemory: Process Physical Memory: 115.25 MB used, 115.25 MB peak
[2020.10.02-16.05.11:418][  0]LogMemory: Process Virtual Memory: 98.11 MB used, 98.11 MB peak
[2020.10.02-16.05.11:418][  0]LogMemory: Physical Memory: 5983.47 MB used,  10266.79 MB free, 16250.27 MB total
[2020.10.02-16.05.11:418][  0]LogMemory: Virtual Memory: 5145.20 MB used,  134212584.00 MB free, 134217728.00 MB total
[2020.10.02-16.05.11:425][  0]LogWindows: WindowsPlatformFeatures enabled
[2020.10.02-16.05.11:696][  0]LogInit: Physics initialised using underlying interface: PhysX
[2020.10.02-16.05.11:698][  0]LogInit: Using OS detected language (en-US).
[2020.10.02-16.05.11:698][  0]LogInit: Using OS detected locale (en-US).
[2020.10.02-16.05.11:705][  0]LogTextLocalizationManager: No specific localization for 'en-US' exists, so the 'en' localization will be used.
[2020.10.02-16.05.12:088][  0]LogInit: Setting process to per monitor DPI aware
[2020.10.02-16.05.12:193][  0]LogSlate: New Slate User Created.  User Index 0, Is Virtual User: 0
[2020.10.02-16.05.12:193][  0]LogSlate: Slate User Registered.  User Index 0, Is Virtual User: 0
[2020.10.02-16.05.15:108][  0]LogHMD: Failed to initialize OpenVR with code 110
[2020.10.02-16.05.15:108][  0]LogD3D11RHI: D3D11 min allowed feature level: 11_0
[2020.10.02-16.05.15:108][  0]LogD3D11RHI: D3D11 max allowed feature level: 11_0
[2020.10.02-16.05.15:108][  0]LogD3D11RHI: D3D11 adapters:
[2020.10.02-16.05.15:189][  0]LogD3D11RHI:    0. 'NVIDIA GeForce GTX 1050 Ti' (Feature Level 11_0)
[2020.10.02-16.05.15:189][  0]LogD3D11RHI:       4018/0/8125 MB DedicatedVideo/DedicatedSystem/SharedSystem, Outputs:1, VendorId:0x10de
[2020.10.02-16.05.15:215][  0]LogD3D11RHI:    1. 'Intel(R) HD Graphics 630' (Feature Level 11_0)
[2020.10.02-16.05.15:215][  0]LogD3D11RHI:       128/0/8125 MB DedicatedVideo/DedicatedSystem/SharedSystem, Outputs:0, VendorId:0x8086
[2020.10.02-16.05.15:221][  0]LogD3D11RHI:    2. 'Microsoft Basic Render Driver' (Feature Level 11_0)
[2020.10.02-16.05.15:221][  0]LogD3D11RHI:       0/0/8125 MB DedicatedVideo/DedicatedSystem/SharedSystem, Outputs:0, VendorId:0x1414
[2020.10.02-16.05.15:221][  0]LogD3D11RHI: Chosen D3D11 Adapter: 0
[2020.10.02-16.05.15:227][  0]LogD3D11RHI: Creating new Direct3DDevice
[2020.10.02-16.05.15:227][  0]LogD3D11RHI:     GPU DeviceId: 0x1c8c (for the marketing name, search the web for "GPU Device Id")
[2020.10.02-16.05.15:228][  0]LogWindows: EnumDisplayDevices:
[2020.10.02-16.05.15:228][  0]LogWindows:    0. 'Intel(R) HD Graphics 630' (P:1 D:1)
[2020.10.02-16.05.15:228][  0]LogWindows:    1. 'Intel(R) HD Graphics 630' (P:0 D:0)
[2020.10.02-16.05.15:228][  0]LogWindows:    2. 'Intel(R) HD Graphics 630' (P:0 D:0)
[2020.10.02-16.05.15:228][  0]LogWindows:    3. 'NVIDIA GeForce GTX 1050 Ti' (P:0 D:0)
[2020.10.02-16.05.15:229][  0]LogWindows: DebugString: PrimaryIsNotTheChoosenAdapter PrimaryIsNotTheChoosenAdapter PrimaryIsNotTheChoosenAdapter 
[2020.10.02-16.05.15:229][  0]LogD3D11RHI:     Adapter Name: NVIDIA GeForce GTX 1050 Ti
[2020.10.02-16.05.15:229][  0]LogD3D11RHI:   Driver Version: 456.55 (internal:27.21.14.5655, unified:456.55)
[2020.10.02-16.05.15:229][  0]LogD3D11RHI:      Driver Date: 9-24-2020
[2020.10.02-16.05.15:229][  0]LogRHI: Texture pool is 2812 MB (70% of 4018 MB)
[2020.10.02-16.05.15:278][  0]LogD3D11RHI: RHI has support for 64 bit atomics
[2020.10.02-16.05.15:281][  0]LogD3D11RHI: [Aftermath] Enabled and primed
[2020.10.02-16.05.15:282][  0]LogD3D11RHI: Async texture creation enabled
[2020.10.02-16.05.15:282][  0]LogD3D11RHI: Array index from any shader is supported
[2020.10.02-16.05.15:331][  0]LogD3D11RHI: GPU Timing Frequency: 1000.000000 (Debug: 2 1)
[2020.10.02-16.05.15:782][  0]LogTargetPlatformManager: Display: Loaded TargetPlatform 'AllDesktop'
[2020.10.02-16.05.15:806][  0]LogTargetPlatformManager: Display: Loaded TargetPlatform 'Android'
[2020.10.02-16.05.15:806][  0]LogTargetPlatformManager: Display: Loaded TargetPlatform 'Android_ASTC'
[2020.10.02-16.05.15:806][  0]LogTargetPlatformManager: Display: Loaded TargetPlatform 'Android_DXT'
[2020.10.02-16.05.15:806][  0]LogTargetPlatformManager: Display: Loaded TargetPlatform 'Android_ETC2'
[2020.10.02-16.05.15:806][  0]LogTargetPlatformManager: Display: Loaded TargetPlatform 'AndroidClient'
[2020.10.02-16.05.15:806][  0]LogTargetPlatformManager: Display: Loaded TargetPlatform 'Android_ASTCClient'
[2020.10.02-16.05.15:806][  0]LogTargetPlatformManager: Display: Loaded TargetPlatform 'Android_DXTClient'
[2020.10.02-16.05.15:806][  0]LogTargetPlatformManager: Display: Loaded TargetPlatform 'Android_ETC2Client'
[2020.10.02-16.05.15:806][  0]LogTargetPlatformManager: Display: Loaded TargetPlatform 'Android_Multi'
[2020.10.02-16.05.15:806][  0]LogTargetPlatformManager: Display: Loaded TargetPlatform 'Android_MultiClient'
[2020.10.02-16.05.15:850][  0]LogTargetPlatformManager: Display: Loaded TargetPlatform 'IOSClient'
[2020.10.02-16.05.15:850][  0]LogTargetPlatformManager: Display: Loaded TargetPlatform 'IOS'
[2020.10.02-16.05.15:872][  0]LogTargetPlatformManager: Display: Loaded TargetPlatform 'Linux'
[2020.10.02-16.05.15:885][  0]LogTargetPlatformManager: Display: Loaded TargetPlatform 'LinuxNoEditor'
[2020.10.02-16.05.15:897][  0]LogTargetPlatformManager: Display: Loaded TargetPlatform 'LinuxClient'
[2020.10.02-16.05.15:910][  0]LogTargetPlatformManager: Display: Loaded TargetPlatform 'LinuxServer'
[2020.10.02-16.05.15:924][  0]LogTargetPlatformManager: Display: Loaded TargetPlatform 'LinuxAArch64NoEditor'
[2020.10.02-16.05.15:936][  0]LogTargetPlatformManager: Display: Loaded TargetPlatform 'LinuxAArch64Client'
[2020.10.02-16.05.15:948][  0]LogTargetPlatformManager: Display: Loaded TargetPlatform 'LinuxAArch64Server'
[2020.10.02-16.05.15:983][  0]LogTargetPlatformManager: Display: Loaded TargetPlatform 'Lumin'
[2020.10.02-16.05.15:983][  0]LogTargetPlatformManager: Display: Loaded TargetPlatform 'LuminClient'
[2020.10.02-16.05.16:002][  0]LogTargetPlatformManager: Display: Loaded TargetPlatform 'TVOSClient'
[2020.10.02-16.05.16:002][  0]LogTargetPlatformManager: Display: Loaded TargetPlatform 'TVOS'
[2020.10.02-16.05.16:013][  0]LogTargetPlatformManager: Display: Loaded TargetPlatform 'WindowsNoEditor'
[2020.10.02-16.05.16:025][  0]LogTargetPlatformManager: Display: Loaded TargetPlatform 'Windows'
[2020.10.02-16.05.16:036][  0]LogTargetPlatformManager: Display: Loaded TargetPlatform 'WindowsClient'
[2020.10.02-16.05.16:047][  0]LogTargetPlatformManager: Display: Loaded TargetPlatform 'WindowsServer'
[2020.10.02-16.05.16:047][  0]LogTargetPlatformManager: Display: Building Assets For Windows
[2020.10.02-16.05.16:096][  0]LogAudioDebug: Display: Lib vorbis DLL was dynamically loaded.
[2020.10.02-16.05.16:245][  0]LogShaderCompilers: Guid format shader working directory is -36 characters bigger than the processId version (../../../../../../Users/Shane/Documents/Unreal Projects/FPSGame_Capstone/Capstone/Intermediate/Shaders/WorkingDirectory/16584/).
[2020.10.02-16.05.16:245][  0]LogShaderCompilers: Cleaned the shader compiler working directory 'C:/Users/Shane/AppData/Local/Temp/UnrealShaderWorkingDir/E665BA154F9869E9F466DF9C1B0F7828/'.
[2020.10.02-16.05.16:246][  0]LogXGEController: Cleaning working directory: C:/Users/Shane/AppData/Local/Temp/UnrealXGEWorkingDir/
[2020.10.02-16.05.16:247][  0]LogShaderCompilers: Display: Using XGE Shader Compiler (Interception Interface).
[2020.10.02-16.05.19:536][  0]LogDerivedDataCache: Display: Max Cache Size: 512 MB
[2020.10.02-16.05.19:741][  0]LogDerivedDataCache: Loaded boot cache 0.20s 79MB C:/Users/Shane/AppData/Local/UnrealEngine/4.25/DerivedDataCache/Boot.ddc.
[2020.10.02-16.05.19:741][  0]LogDerivedDataCache: Display: Loaded Boot cache: C:/Users/Shane/AppData/Local/UnrealEngine/4.25/DerivedDataCache/Boot.ddc
[2020.10.02-16.05.19:741][  0]LogDerivedDataCache: FDerivedDataBackendGraph:  Pak pak cache file ../../../../../../Users/Shane/Documents/Unreal Projects/FPSGame_Capstone/Capstone/DerivedDataCache/DDC.ddp not found, will not use a pak cache.
[2020.10.02-16.05.19:741][  0]LogDerivedDataCache: Unable to find inner node Pak for hierarchical cache Hierarchy.
[2020.10.02-16.05.19:741][  0]LogDerivedDataCache: FDerivedDataBackendGraph:  CompressedPak pak cache file ../../../../../../Users/Shane/Documents/Unreal Projects/FPSGame_Capstone/Capstone/DerivedDataCache/Compressed.ddp not found, will not use a pak cache.
[2020.10.02-16.05.19:741][  0]LogDerivedDataCache: Unable to find inner node CompressedPak for hierarchical cache Hierarchy.
[2020.10.02-16.05.19:763][  0]LogDerivedDataCache: Display: Pak cache opened for reading ../../../Engine/DerivedDataCache/Compressed.ddp.
[2020.10.02-16.05.19:763][  0]LogDerivedDataCache: FDerivedDataBackendGraph:  EnterprisePak pak cache file ../../../Enterprise/DerivedDataCache/Compressed.ddp not found, will not use a pak cache.
[2020.10.02-16.05.19:763][  0]LogDerivedDataCache: Unable to find inner node EnterprisePak for hierarchical cache Hierarchy.
[2020.10.02-16.05.19:765][  0]LogDerivedDataCache: Using Local data cache path C:/Users/Shane/AppData/Local/UnrealEngine/Common/DerivedDataCache: Writable
[2020.10.02-16.05.19:765][  0]LogDerivedDataCache: Shared data cache path not found in *engine.ini, will not use an Shared cache.
[2020.10.02-16.05.19:765][  0]LogDerivedDataCache: Unable to find inner node Shared for hierarchical cache Hierarchy.
[2020.10.02-16.05.19:830][  0]LogSlate: Using FreeType 2.10.0
[2020.10.02-16.05.19:849][  0]LogSlate: SlateFontServices - WITH_FREETYPE: 1, WITH_HARFBUZZ: 1
[2020.10.02-16.05.19:898][  0]LogAssetRegistry: FAssetRegistry took 0.0044 seconds to start up
[2020.10.02-16.05.20:256][  0]LogInit: Selected Device Profile: [Windows]
[2020.10.02-16.05.20:552][  0]LogMeshReduction: Using QuadricMeshReduction for automatic static mesh reduction
[2020.10.02-16.05.20:552][  0]LogMeshReduction: Using SimplygonMeshReduction for automatic skeletal mesh reduction
[2020.10.02-16.05.20:552][  0]LogMeshReduction: Using ProxyLODMeshReduction for automatic mesh merging
[2020.10.02-16.05.20:552][  0]LogMeshReduction: No distributed automatic mesh merging module available
[2020.10.02-16.05.20:553][  0]LogMeshMerging: No distributed automatic mesh merging module available
[2020.10.02-16.05.20:621][  0]LogNetVersion: Capstone 1.0.0, NetCL: 13144385, EngineNetVer: 14, GameNetVer: 0 (Checksum: 9765729)
[2020.10.02-16.05.22:103][  0]LogAISub: UAISubsystem::UAISubsystem AISubsystem (0000018E1165E980), frame # 0
[2020.10.02-16.05.22:103][  0]LogAISub: UAISubsystem::UAISubsystem AIPerceptionSystem (0000018E114E2AC0), frame # 0
[2020.10.02-16.05.22:107][  0]LogAISub: UAISubsystem::UAISubsystem EnvQueryManager (0000018E11525C00), frame # 0
[2020.10.02-16.05.22:227][  0]LogPackageLocalizationCache: Processed 19 localized package path(s) for 1 prioritized culture(s) in 0.083928 seconds
[2020.10.02-16.05.22:233][  0]LogUObjectArray: 15917 objects as part of root set at end of initial load.
[2020.10.02-16.05.22:233][  0]LogUObjectAllocator: 3965568 out of 0 bytes used by permanent object pool.
[2020.10.02-16.05.22:233][  0]LogUObjectArray: CloseDisregardForGC: 0/0 objects in disregard for GC pool
[2020.10.02-16.05.23:282][  0]LogTcpMessaging: Initializing TcpMessaging bridge
[2020.10.02-16.05.23:291][  0]LogUdpMessaging: Initializing bridge on interface 0.0.0.0:0 to multicast group 230.0.0.1:6666.
[2020.10.02-16.05.23:850][  0]LogLinker: Warning: Failed to load '/Game/ThirdPersonBP/ThirdPersonOverview': Can't find file.
[2020.10.02-16.05.23:851][  0]LogLinker: Warning: Failed to load '/Game/ThirdPersonBP/ThirdPersonOverview': Can't find file.
[2020.10.02-16.05.23:851][  0]LogUObjectGlobals: Warning: Failed to find object 'Class /Game/ThirdPersonBP/ThirdPersonOverview.ThirdPersonOverview_C'
[2020.10.02-16.05.23:923][  0]SourceControl: Source control is disabled
[2020.10.02-16.05.23:923][  0]SourceControl: Source control is disabled
[2020.10.02-16.05.23:934][  0]SourceControl: Source control is disabled
[2020.10.02-16.05.23:942][  0]SourceControl: Source control is disabled
[2020.10.02-16.05.23:957][  0]SourceControl: Source control is disabled
[2020.10.02-16.05.24:465][  0]LogAndroidPermission: UAndroidPermissionCallbackProxy::GetInstance
[2020.10.02-16.05.24:496][  0]LogAudioCaptureCore: Display: No Audio Capture implementations found. Audio input will be silent.
[2020.10.02-16.05.24:496][  0]LogAudioCaptureCore: Display: No Audio Capture implementations found. Audio input will be silent.
[2020.10.02-16.05.24:607][  0]LogOcInput: OculusInput pre-init called
[2020.10.02-16.05.24:628][  0]LogWindows: Failed to load 'OVRPlugin.dll' (GetLastError=126)
[2020.10.02-16.05.24:628][  0]LogWindows: File 'OVRPlugin.dll' does not exist
[2020.10.02-16.05.24:798][  0]LogEngine: Initializing Engine...
[2020.10.02-16.05.24:800][  0]LogHMD: Failed to initialize OpenVR with code 110
[2020.10.02-16.05.24:800][  0]LogMagicLeap: Warning: VR disabled because ZI is not enabled.  To enable, in the editor, Edit -> Project Settings -> Plugins -> Magic Leap Plugin -> Enable Zero Iteration
[2020.10.02-16.05.24:803][  0]LogStats: UGameplayTagsManager::InitializeManager -  0.001 s
[2020.10.02-16.05.25:140][  0]LogInit: Initializing FReadOnlyCVARCache
[2020.10.02-16.05.25:174][  0]LogAIModule: Creating AISystem for world Untitled
[2020.10.02-16.05.25:175][  0]LogAISub: UAISubsystem::UAISubsystem EnvQueryManager (0000018E17BD7C00), frame # 0
[2020.10.02-16.05.25:175][  0]LogAISub: UAISubsystem::UAISubsystem AIPerceptionSystem (0000018E17C0E5C0), frame # 0
[2020.10.02-16.05.25:186][  0]LogAudioMixer: Display: Audio Mixer Platform Settings:
[2020.10.02-16.05.25:186][  0]LogAudioMixer: Display: 	Sample Rate:						  48000
[2020.10.02-16.05.25:186][  0]LogAudioMixer: Display: 	Callback Buffer Frame Size Requested: 1024
[2020.10.02-16.05.25:186][  0]LogAudioMixer: Display: 	Callback Buffer Frame Size To Use:	  1024
[2020.10.02-16.05.25:186][  0]LogAudioMixer: Display: 	Number of buffers to queue:			  2
[2020.10.02-16.05.25:186][  0]LogAudioMixer: Display: 	Max Channels (voices):				  32
[2020.10.02-16.05.25:186][  0]LogAudioMixer: Display: 	Number of Async Source Workers:		  0
[2020.10.02-16.05.25:187][  0]LogAudio: Display: AudioDevice MaxSources: 32
[2020.10.02-16.05.25:188][  0]LogAudio: Display: Using built-in audio occlusion.
[2020.10.02-16.05.25:188][  0]LogAudioMixer: Display: Initializing audio mixer.
[2020.10.02-16.05.25:214][  0]LogAudioMixer: Display: 0: FrontLeft
[2020.10.02-16.05.25:214][  0]LogAudioMixer: Display: 1: FrontRight
[2020.10.02-16.05.26:415][  0]LogAudioMixer: Display: Using Audio Device Speakers / Headphones (Realtek Audio)
[2020.10.02-16.05.26:417][  0]LogAudioMixer: Display: Initializing Sound Submixes...
[2020.10.02-16.05.26:451][  0]LogAudioMixer: Display: Creating Master Submix 'MasterSubmixDefault'
[2020.10.02-16.05.26:451][  0]LogAudioMixer: Display: Creating Master Submix 'MasterReverbSubmixDefault'
[2020.10.02-16.05.26:454][  0]LogAudioMixer: Display: Creating Master Submix 'MasterEQSubmixDefault'
[2020.10.02-16.05.26:455][  0]LogInit: FAudioDevice initialized.
[2020.10.02-16.05.26:457][  0]LogNetVersion: Set ProjectVersion to 1.0.0.0. Version Checksum will be recalculated on next use.
[2020.10.02-16.05.26:551][  0]LogDerivedDataCache: Saved boot cache 0.09s 79MB C:/Users/Shane/AppData/Local/UnrealEngine/4.25/DerivedDataCache/Boot.ddc.
[2020.10.02-16.05.26:558][  0]LogInit: Texture streaming: Enabled
[2020.10.02-16.05.26:584][  0]LogEngineSessionManager: EngineSessionManager initialized
[2020.10.02-16.05.26:584][  0]LogEditorSessionSummary: Verbose: Initializing EditorSessionSummaryWriter for editor session tracking
[2020.10.02-16.05.26:586][  0]LogEditorSessionSummary: EditorSessionSummaryWriter initialized
[2020.10.02-16.05.26:673][  0]LogInit: Transaction tracking system initialized
[2020.10.02-16.05.26:724][  0]BlueprintLog: New page: Editor Load
[2020.10.02-16.05.26:901][  0]LocalizationService: Localization service is disabled
[2020.10.02-16.05.27:483][  0]LogCook: Display: Max memory allowance for cook 16384mb min free memory 0mb
[2020.10.02-16.05.27:483][  0]LogCook: Display: Mobile HDR setting 1
[2020.10.02-16.05.27:567][  0]LogFileCache: Scanning file cache for directory 'C:/Users/Shane/Documents/Unreal Projects/FPSGame_Capstone/Capstone/Content/' took 0.02s
[2020.10.02-16.05.28:043][  0]SourceControl: Source control is disabled
[2020.10.02-16.05.28:043][  0]LogUnrealEdMisc: Loading editor; pre map load, took 21.645
[2020.10.02-16.05.28:044][  0]Cmd: MAP LOAD FILE="../../../../../../Users/Shane/Documents/Unreal Projects/FPSGame_Capstone/Capstone/Content/ThirdPersonCPP/Maps/ThirdPersonExampleMap.umap" TEMPLATE=0 SHOWPROGRESS=1 FEATURELEVEL=3
[2020.10.02-16.05.28:050][  0]LightingResults: New page: Lighting Build
[2020.10.02-16.05.28:055][  0]LogWorld: UWorld::CleanupWorld for Untitled, bSessionEnded=true, bCleanupResources=true
[2020.10.02-16.05.28:055][  0]LogSlate: InvalidateAllWidgets triggered.  All widgets were invalidated
[2020.10.02-16.05.28:056][  0]MapCheck: New page: Map Check
[2020.10.02-16.05.28:056][  0]LightingResults: New page: Lighting Build
[2020.10.02-16.05.28:071][  0]LogAISub: UAISubsystem::~UAISubsystem EnvQueryManager (0000018E17BD7C00), frame # 0
[2020.10.02-16.05.28:071][  0]LogAISub: UAISubsystem::~UAISubsystem AIPerceptionSystem (0000018E17C0E5C0), frame # 0
[2020.10.02-16.05.28:073][  0]LogUObjectHash: Compacting FUObjectHashTables data took   0.85ms
[2020.10.02-16.05.28:933][  0]LogAIModule: Creating AISystem for world ThirdPersonExampleMap
[2020.10.02-16.05.28:933][  0]LogAISub: UAISubsystem::UAISubsystem EnvQueryManager (0000018E073DDE00), frame # 0
[2020.10.02-16.05.28:933][  0]LogAISub: UAISubsystem::UAISubsystem AIPerceptionSystem (0000018E072BD1C0), frame # 0
[2020.10.02-16.05.28:968][  0]LogEditorServer: Finished looking for orphan Actors (0.000 secs)
[2020.10.02-16.05.28:997][  0]LogUObjectHash: Compacting FUObjectHashTables data took   1.68ms
[2020.10.02-16.05.28:998][  0]Cmd: MAP CHECKDEP NOCLEARLOG
[2020.10.02-16.05.28:999][  0]MapCheck: Map check complete: 0 Error(s), 0 Warning(s), took 0.641ms to complete.
[2020.10.02-16.05.28:999][  0]LogFileHelpers: Loading map 'ThirdPersonExampleMap' took 0.955
[2020.10.02-16.05.29:026][  0]LogUnrealEdMisc: Total Editor Startup Time, took 22.627
[2020.10.02-16.05.29:236][  0]LogSlate: Updating window title bar state: overlay mode, drag disabled, window buttons hidden, title bar hidden
[2020.10.02-16.05.29:245][  0]LogSlate: Updating window title bar state: overlay mode, drag disabled, window buttons hidden, title bar hidden
[2020.10.02-16.05.29:254][  0]LogSlate: Updating window title bar state: overlay mode, drag disabled, window buttons hidden, title bar hidden
[2020.10.02-16.05.29:262][  0]LogSlate: Updating window title bar state: overlay mode, drag disabled, window buttons hidden, title bar hidden
[2020.10.02-16.05.29:284][  0]LogCollectionManager: Loaded 0 collections in 0.002637 seconds
[2020.10.02-16.05.29:322][  0]LogFileCache: Scanning file cache for directory 'C:/Users/Shane/Documents/Unreal Projects/FPSGame_Capstone/Capstone/Saved/Collections/' took 0.00s
[2020.10.02-16.05.29:322][  0]LogFileCache: Scanning file cache for directory 'C:/Users/Shane/Documents/Unreal Projects/FPSGame_Capstone/Capstone/Content/Developers/Shane/Collections/' took 0.00s
[2020.10.02-16.05.29:322][  0]LogFileCache: Scanning file cache for directory 'C:/Users/Shane/Documents/Unreal Projects/FPSGame_Capstone/Capstone/Content/Collections/' took 0.00s
[2020.10.02-16.05.29:322][  0]LogContentBrowser: Native class hierarchy populated in 0.0130 seconds. Added 3429 classes and 823 folders.
[2020.10.02-16.05.29:336][  0]LogContentBrowser: Native class hierarchy updated for 'WidgetCarousel' in 0.0005 seconds. Added 0 classes and 0 folders.
[2020.10.02-16.05.29:694][  0]LogContentBrowser: Native class hierarchy updated for 'AddContentDialog' in 0.0006 seconds. Added 0 classes and 0 folders.
[2020.10.02-16.05.29:712][  0]LogContentBrowser: Native class hierarchy updated for 'SceneOutliner' in 0.0004 seconds. Added 2 classes and 0 folders.
[2020.10.02-16.05.30:028][  0]LogSlate: Took 0.007819 seconds to synchronously load lazily loaded font '../../../Engine/Content/Slate/Fonts/Roboto-Regular.ttf' (155K)
[2020.10.02-16.05.30:037][  0]LogSlate: Took 0.006814 seconds to synchronously load lazily loaded font '../../../Engine/Content/Slate/Fonts/Roboto-Bold.ttf' (160K)
[2020.10.02-16.05.30:050][  0]LogSlate: Took 0.006909 seconds to synchronously load lazily loaded font '../../../Engine/Content/Editor/Slate/Fonts/FontAwesome.ttf' (139K)
[2020.10.02-16.05.30:188][  0]LogRenderer: Reallocating scene render targets to support 744x432 Format 10 NumSamples 1 (Frame:1).
[2020.10.02-16.05.30:267][  0]LogSlate: Took 0.007475 seconds to synchronously load lazily loaded font '../../../Engine/Content/Slate/Fonts/Roboto-Light.ttf' (167K)
[2020.10.02-16.05.30:342][  0]LogContentBrowser: Native class hierarchy updated for 'HierarchicalLODOutliner' in 0.0004 seconds. Added 0 classes and 0 folders.
[2020.10.02-16.05.30:342][  0]LogLoad: (Engine Initialization) Total time: 23.94 seconds
[2020.10.02-16.05.30:342][  0]LogLoad: (Engine Initialization) Total Blueprint compile time: 0.00 seconds
[2020.10.02-16.05.30:433][  0]LogAssetRegistry: Asset discovery search completed in 10.5358 seconds
[2020.10.02-16.05.30:437][  0]LogCollectionManager: Fixed up redirectors for 0 collections in 0.000002 seconds (updated 0 objects)
[2020.10.02-16.05.30:441][  0]LogContentStreaming: Texture pool size now 1000 MB
[2020.10.02-16.05.31:383][ 52]LogSlate: Took 0.000173 seconds to synchronously load lazily loaded font '../../../Engine/Content/Slate/Fonts/Roboto-Light.ttf' (167K)
[2020.10.02-16.12.37:368][582]LogAssetEditorSubsystem: Opening Asset editor for Blueprint /Game/BP_PlayerCharacter.BP_PlayerCharacter
[2020.10.02-16.12.37:862][582]LogContentBrowser: Native class hierarchy updated for 'BlueprintGraph' in 0.0007 seconds. Added 125 classes and 0 folders.
[2020.10.02-16.12.39:482][582]LogAssetEditorSubsystem: Opening Asset editor for Blueprint /Game/Weapons/BP_WeaponMaster.BP_WeaponMaster
[2020.10.02-16.12.43:937][810]LogTemp: Repeating last play command: New Editor Window (PIE)
[2020.10.02-16.12.43:958][810]LogPlayLevel: PlayLevel: No blueprints needed recompiling
[2020.10.02-16.12.43:962][810]PIE: New page: PIE session: ThirdPersonExampleMap (Oct 2, 2020, 8:12:43 AM)
[2020.10.02-16.12.43:964][810]LogOnline: OSS: Creating online subsystem instance for: NULL
[2020.10.02-16.12.43:965][810]LogOnline: OSS: TryLoadSubsystemAndSetDefault: Loaded subsystem for module [NULL]
[2020.10.02-16.12.43:965][810]LogPlayLevel: Creating play world package: /Game/ThirdPersonCPP/Maps/UEDPIE_0_ThirdPersonExampleMap
[2020.10.02-16.12.43:980][810]LogPlayLevel: PIE: StaticDuplicateObject took: (0.014210s)
[2020.10.02-16.12.43:981][810]LogAIModule: Creating AISystem for world ThirdPersonExampleMap
[2020.10.02-16.12.43:981][810]LogAISub: UAISubsystem::UAISubsystem EnvQueryManager (0000018E849C8800), frame # 25810
[2020.10.02-16.12.43:982][810]LogAISub: UAISubsystem::UAISubsystem AIPerceptionSystem (0000018E849F5080), frame # 25810
[2020.10.02-16.12.43:982][810]LogPlayLevel: PIE: World Init took: (0.001930s)
[2020.10.02-16.12.43:982][810]LogPlayLevel: PIE: Created PIE world by copying editor world from /Game/ThirdPersonCPP/Maps/ThirdPersonExampleMap.ThirdPersonExampleMap to /Game/ThirdPersonCPP/Maps/UEDPIE_0_ThirdPersonExampleMap.ThirdPersonExampleMap (0.016398s)
[2020.10.02-16.12.44:010][810]LogUObjectHash: Compacting FUObjectHashTables data took   1.77ms
[2020.10.02-16.12.44:012][810]LogAudioMixer: Display: Audio Mixer Platform Settings:
[2020.10.02-16.12.44:012][810]LogAudioMixer: Display: 	Sample Rate:						  48000
[2020.10.02-16.12.44:012][810]LogAudioMixer: Display: 	Callback Buffer Frame Size Requested: 1024
[2020.10.02-16.12.44:012][810]LogAudioMixer: Display: 	Callback Buffer Frame Size To Use:	  1024
[2020.10.02-16.12.44:012][810]LogAudioMixer: Display: 	Number of buffers to queue:			  2
[2020.10.02-16.12.44:012][810]LogAudioMixer: Display: 	Max Channels (voices):				  32
[2020.10.02-16.12.44:012][810]LogAudioMixer: Display: 	Number of Async Source Workers:		  0
[2020.10.02-16.12.44:012][810]LogAudio: Display: AudioDevice MaxSources: 32
[2020.10.02-16.12.44:013][810]LogAudio: Display: Using built-in audio occlusion.
[2020.10.02-16.12.44:013][810]LogAudioMixer: Display: Initializing audio mixer.
[2020.10.02-16.12.44:018][810]LogAudioMixer: Display: 0: FrontLeft
[2020.10.02-16.12.44:018][810]LogAudioMixer: Display: 1: FrontRight
[2020.10.02-16.12.44:123][810]LogAudioMixer: Display: Using Audio Device Speakers / Headphones (Realtek Audio)
[2020.10.02-16.12.44:123][810]LogAudioMixer: Display: Initializing Sound Submixes...
[2020.10.02-16.12.44:123][810]LogAudioMixer: Display: Creating Master Submix 'MasterSubmixDefault'
[2020.10.02-16.12.44:123][810]LogAudioMixer: Display: Creating Master Submix 'MasterReverbSubmixDefault'
[2020.10.02-16.12.44:124][810]LogAudioMixer: Display: Creating Master Submix 'MasterEQSubmixDefault'
[2020.10.02-16.12.44:155][810]LogInit: FAudioDevice initialized.
[2020.10.02-16.12.44:227][810]LogSlate: Updating window title bar state: overlay mode, drag disabled, window buttons hidden, title bar hidden
[2020.10.02-16.12.44:227][810]LogLoad: Game class is 'BP_FPS_GameMode_C'
[2020.10.02-16.12.44:232][810]LogWorld: Bringing World /Game/ThirdPersonCPP/Maps/UEDPIE_0_ThirdPersonExampleMap.ThirdPersonExampleMap up for play (max tick rate 60) at 2020.10.02-12.12.44
[2020.10.02-16.12.44:232][810]LogWorld: Bringing up level for play took: 0.002057
[2020.10.02-16.12.44:232][810]LogOnline: OSS: Creating online subsystem instance for: :Context_4
[2020.10.02-16.12.44:241][810]LogContentBrowser: Native class hierarchy updated for 'MovieSceneCapture' in 0.0007 seconds. Added 20 classes and 0 folders.
[2020.10.02-16.12.44:250][810]PIE: Server logged in
[2020.10.02-16.12.44:251][810]PIE: Play in editor total start time 0.294 seconds.
[2020.10.02-16.12.44:298][811]LogRenderer: Reallocating scene render targets to support 1280x720 Format 10 NumSamples 1 (Frame:1).
[2020.10.02-16.13.00:666][767]LogSlate: Updating window title bar state: overlay mode, drag disabled, window buttons hidden, title bar hidden
[2020.10.02-16.13.00:666][767]LogWorld: BeginTearingDown for /Game/ThirdPersonCPP/Maps/UEDPIE_0_ThirdPersonExampleMap
[2020.10.02-16.13.00:666][767]LogSlate: Window 'Capstone Preview [NetMode: Standalone] (64-bit/Windows) ' being destroyed
[2020.10.02-16.13.00:673][767]LogWorld: UWorld::CleanupWorld for ThirdPersonExampleMap, bSessionEnded=true, bCleanupResources=true
[2020.10.02-16.13.00:674][767]LogSlate: InvalidateAllWidgets triggered.  All widgets were invalidated
[2020.10.02-16.13.00:681][767]LogPlayLevel: Display: Shutting down PIE online subsystems
[2020.10.02-16.13.00:687][767]LogSlate: InvalidateAllWidgets triggered.  All widgets were invalidated
[2020.10.02-16.13.00:763][767]LogAISub: UAISubsystem::~UAISubsystem EnvQueryManager (0000018E849C8800), frame # 26767
[2020.10.02-16.13.00:763][767]LogAISub: UAISubsystem::~UAISubsystem AIPerceptionSystem (0000018E849F5080), frame # 26767
[2020.10.02-16.13.00:767][767]LogUObjectHash: Compacting FUObjectHashTables data took   3.77ms
[2020.10.02-16.13.00:802][768]LogPlayLevel: Display: Destroying online subsystem :Context_4
[2020.10.02-16.13.04:394][974]LogSlate: Took 0.013144 seconds to synchronously load lazily loaded font '../../../Engine/Content/Slate/Fonts/Roboto-BoldCondensed.ttf' (158K)
[2020.10.02-16.13.04:503][975]LogSlate: Took 0.006355 seconds to synchronously load lazily loaded font '../../../Engine/Content/Slate/Fonts/Roboto-Italic.ttf' (157K)
[2020.10.02-16.13.30:765][527]BlueprintLog: New page: Compile BP_PlayerCharacter
[2020.10.02-16.13.30:825][527]LogUObjectHash: Compacting FUObjectHashTables data took   3.11ms
[2020.10.02-16.13.30:883][527]LogSlate: Took 0.008702 seconds to synchronously load lazily loaded font '../../../Engine/Content/Slate/Fonts/DroidSansMono.ttf' (77K)
[2020.10.02-16.13.31:698][573]Cmd: OBJ SAVEPACKAGE PACKAGE="/Game/BP_PlayerCharacter" FILE="../../../../../../Users/Shane/Documents/Unreal Projects/FPSGame_Capstone/Capstone/Content/BP_PlayerCharacter.uasset" SILENT=true
[2020.10.02-16.13.31:761][573]LogSavePackage: Moving '../../../../../../Users/Shane/Documents/Unreal Projects/FPSGame_Capstone/Capstone/Saved/BP_PlayerCharacterD48DEC2B4F08DBF46C7F32A676367C7B.tmp' to '../../../../../../Users/Shane/Documents/Unreal Projects/FPSGame_Capstone/Capstone/Content/BP_PlayerCharacter.uasset'
[2020.10.02-16.13.31:782][573]AssetCheck: New page: Asset Save: BP_PlayerCharacter
[2020.10.02-16.13.31:782][573]LogContentValidation: Display: Validating Blueprint /Game/BP_PlayerCharacter.BP_PlayerCharacter
[2020.10.02-16.13.32:984][641]LogUObjectHash: Compacting FUObjectHashTables data took   2.73ms
[2020.10.02-16.13.33:024][641]LogSavePackage: Moving '../../../../../../Users/Shane/Documents/Unreal Projects/FPSGame_Capstone/Capstone/Saved/ThirdPersonExampleMap1B1FECBF44701B5049499080845E5327.tmp' to '../../../../../../Users/Shane/Documents/Unreal Projects/FPSGame_Capstone/Capstone/Content/ThirdPersonCPP/Maps/ThirdPersonExampleMap.umap'
[2020.10.02-16.13.33:264][641]LogSavePackage: Moving '../../../../../../Users/Shane/Documents/Unreal Projects/FPSGame_Capstone/Capstone/Saved/ThirdPersonExampleMap_BuiltDataC27CDE964E36863B630B8EAAC0B0EC05.tmp' to '../../../../../../Users/Shane/Documents/Unreal Projects/FPSGame_Capstone/Capstone/Content/ThirdPersonCPP/Maps/ThirdPersonExampleMap_BuiltData.uasset'
[2020.10.02-16.13.33:280][641]AssetCheck: New page: Asset Save: multiple assets
[2020.10.02-16.13.33:280][641]LogContentValidation: Display: Validating World /Game/ThirdPersonCPP/Maps/ThirdPersonExampleMap.ThirdPersonExampleMap
[2020.10.02-16.13.33:280][641]LogContentValidation: Display: Validating MapBuildDataRegistry /Game/ThirdPersonCPP/Maps/ThirdPersonExampleMap_BuiltData.ThirdPersonExampleMap_BuiltData
[2020.10.02-16.13.34:952][736]LogTemp: Repeating last play command: New Editor Window (PIE)
[2020.10.02-16.13.34:972][736]LogPlayLevel: PlayLevel: No blueprints needed recompiling
[2020.10.02-16.13.34:972][736]PIE: New page: PIE session: ThirdPersonExampleMap (Oct 2, 2020, 8:13:34 AM)
[2020.10.02-16.13.34:972][736]LogPlayLevel: Creating play world package: /Game/ThirdPersonCPP/Maps/UEDPIE_0_ThirdPersonExampleMap
[2020.10.02-16.13.34:984][736]LogPlayLevel: PIE: StaticDuplicateObject took: (0.011403s)
[2020.10.02-16.13.34:988][736]LogAIModule: Creating AISystem for world ThirdPersonExampleMap
[2020.10.02-16.13.34:988][736]LogAISub: UAISubsystem::UAISubsystem EnvQueryManager (0000018E8346BE00), frame # 28736
[2020.10.02-16.13.34:988][736]LogAISub: UAISubsystem::UAISubsystem AIPerceptionSystem (0000018E83248A40), frame # 28736
[2020.10.02-16.13.34:988][736]LogPlayLevel: PIE: World Init took: (0.004364s)
[2020.10.02-16.13.34:988][736]LogPlayLevel: PIE: Created PIE world by copying editor world from /Game/ThirdPersonCPP/Maps/ThirdPersonExampleMap.ThirdPersonExampleMap to /Game/ThirdPersonCPP/Maps/UEDPIE_0_ThirdPersonExampleMap.ThirdPersonExampleMap (0.015930s)
[2020.10.02-16.13.35:020][736]LogUObjectHash: Compacting FUObjectHashTables data took   2.40ms
[2020.10.02-16.13.35:022][736]LogAudioMixer: Display: Audio Mixer Platform Settings:
[2020.10.02-16.13.35:022][736]LogAudioMixer: Display: 	Sample Rate:						  48000
[2020.10.02-16.13.35:022][736]LogAudioMixer: Display: 	Callback Buffer Frame Size Requested: 1024
[2020.10.02-16.13.35:022][736]LogAudioMixer: Display: 	Callback Buffer Frame Size To Use:	  1024
[2020.10.02-16.13.35:022][736]LogAudioMixer: Display: 	Number of buffers to queue:			  2
[2020.10.02-16.13.35:022][736]LogAudioMixer: Display: 	Max Channels (voices):				  32
[2020.10.02-16.13.35:022][736]LogAudioMixer: Display: 	Number of Async Source Workers:		  0
[2020.10.02-16.13.35:022][736]LogAudio: Display: AudioDevice MaxSources: 32
[2020.10.02-16.13.35:023][736]LogAudio: Display: Using built-in audio occlusion.
[2020.10.02-16.13.35:023][736]LogAudioMixer: Display: Initializing audio mixer.
[2020.10.02-16.13.35:027][736]LogAudioMixer: Display: 0: FrontLeft
[2020.10.02-16.13.35:027][736]LogAudioMixer: Display: 1: FrontRight
[2020.10.02-16.13.35:149][736]LogAudioMixer: Display: Using Audio Device Speakers / Headphones (Realtek Audio)
[2020.10.02-16.13.35:149][736]LogAudioMixer: Display: Initializing Sound Submixes...
[2020.10.02-16.13.35:150][736]LogAudioMixer: Display: Creating Master Submix 'MasterSubmixDefault'
[2020.10.02-16.13.35:150][736]LogAudioMixer: Display: Creating Master Submix 'MasterReverbSubmixDefault'
[2020.10.02-16.13.35:151][736]LogAudioMixer: Display: Creating Master Submix 'MasterEQSubmixDefault'
[2020.10.02-16.13.35:200][736]LogInit: FAudioDevice initialized.
[2020.10.02-16.13.35:290][736]LogSlate: Updating window title bar state: overlay mode, drag disabled, window buttons hidden, title bar hidden
[2020.10.02-16.13.35:290][736]LogLoad: Game class is 'BP_FPS_GameMode_C'
[2020.10.02-16.13.35:294][736]LogWorld: Bringing World /Game/ThirdPersonCPP/Maps/UEDPIE_0_ThirdPersonExampleMap.ThirdPersonExampleMap up for play (max tick rate 60) at 2020.10.02-12.13.35
[2020.10.02-16.13.35:295][736]LogWorld: Bringing up level for play took: 0.002994
[2020.10.02-16.13.35:295][736]LogOnline: OSS: Creating online subsystem instance for: :Context_5
[2020.10.02-16.13.35:308][736]PIE: Server logged in
[2020.10.02-16.13.35:310][736]PIE: Play in editor total start time 0.338 seconds.
[2020.10.02-16.13.52:715][775]LogSlate: Updating window title bar state: overlay mode, drag disabled, window buttons hidden, title bar hidden
[2020.10.02-16.13.52:715][775]LogWorld: BeginTearingDown for /Game/ThirdPersonCPP/Maps/UEDPIE_0_ThirdPersonExampleMap
[2020.10.02-16.13.52:715][775]LogSlate: Window 'Capstone Preview [NetMode: Standalone] (64-bit/Windows) ' being destroyed
[2020.10.02-16.13.52:721][775]LogWorld: UWorld::CleanupWorld for ThirdPersonExampleMap, bSessionEnded=true, bCleanupResources=true
[2020.10.02-16.13.52:722][775]LogSlate: InvalidateAllWidgets triggered.  All widgets were invalidated
[2020.10.02-16.13.52:727][775]LogPlayLevel: Display: Shutting down PIE online subsystems
[2020.10.02-16.13.52:731][775]LogSlate: InvalidateAllWidgets triggered.  All widgets were invalidated
[2020.10.02-16.13.52:786][775]LogAISub: UAISubsystem::~UAISubsystem AIPerceptionSystem (0000018E83248A40), frame # 29775
[2020.10.02-16.13.52:786][775]LogAISub: UAISubsystem::~UAISubsystem EnvQueryManager (0000018E8346BE00), frame # 29775
[2020.10.02-16.13.52:789][775]LogUObjectHash: Compacting FUObjectHashTables data took   2.33ms
[2020.10.02-16.13.52:823][776]LogPlayLevel: Display: Destroying online subsystem :Context_5
[2020.10.02-16.14.07:183][618]BlueprintLog: New page: Compile BP_WeaponMaster
[2020.10.02-16.14.07:234][618]LogUObjectHash: Compacting FUObjectHashTables data took   2.67ms
[2020.10.02-16.14.07:771][644]Cmd: OBJ SAVEPACKAGE PACKAGE="/Game/Weapons/BP_WeaponMaster" FILE="../../../../../../Users/Shane/Documents/Unreal Projects/FPSGame_Capstone/Capstone/Content/Weapons/BP_WeaponMaster.uasset" SILENT=true
[2020.10.02-16.14.07:804][644]LogSavePackage: Moving '../../../../../../Users/Shane/Documents/Unreal Projects/FPSGame_Capstone/Capstone/Saved/BP_WeaponMaster5B4EF92A4322D3690BD9E1BE9460F356.tmp' to '../../../../../../Users/Shane/Documents/Unreal Projects/FPSGame_Capstone/Capstone/Content/Weapons/BP_WeaponMaster.uasset'
[2020.10.02-16.14.07:819][644]AssetCheck: New page: Asset Save: BP_WeaponMaster
[2020.10.02-16.14.07:819][644]LogContentValidation: Display: Validating Blueprint /Game/Weapons/BP_WeaponMaster.BP_WeaponMaster
[2020.10.02-16.14.10:176][780]LogTemp: Repeating last play command: New Editor Window (PIE)
[2020.10.02-16.14.10:194][780]LogPlayLevel: PlayLevel: No blueprints needed recompiling
[2020.10.02-16.14.10:195][780]PIE: New page: PIE session: ThirdPersonExampleMap (Oct 2, 2020, 8:14:10 AM)
[2020.10.02-16.14.10:195][780]LogPlayLevel: Creating play world package: /Game/ThirdPersonCPP/Maps/UEDPIE_0_ThirdPersonExampleMap
[2020.10.02-16.14.10:208][780]LogPlayLevel: PIE: StaticDuplicateObject took: (0.012637s)
[2020.10.02-16.14.10:209][780]LogAIModule: Creating AISystem for world ThirdPersonExampleMap
[2020.10.02-16.14.10:209][780]LogAISub: UAISubsystem::UAISubsystem EnvQueryManager (0000018E2E903200), frame # 30780
[2020.10.02-16.14.10:209][780]LogAISub: UAISubsystem::UAISubsystem AIPerceptionSystem (0000018E87E765C0), frame # 30780
[2020.10.02-16.14.10:209][780]LogPlayLevel: PIE: World Init took: (0.001569s)
[2020.10.02-16.14.10:209][780]LogPlayLevel: PIE: Created PIE world by copying editor world from /Game/ThirdPersonCPP/Maps/ThirdPersonExampleMap.ThirdPersonExampleMap to /Game/ThirdPersonCPP/Maps/UEDPIE_0_ThirdPersonExampleMap.ThirdPersonExampleMap (0.014416s)
[2020.10.02-16.14.10:245][780]LogUObjectHash: Compacting FUObjectHashTables data took   3.35ms
[2020.10.02-16.14.10:247][780]LogAudioMixer: Display: Audio Mixer Platform Settings:
[2020.10.02-16.14.10:247][780]LogAudioMixer: Display: 	Sample Rate:						  48000
[2020.10.02-16.14.10:247][780]LogAudioMixer: Display: 	Callback Buffer Frame Size Requested: 1024
[2020.10.02-16.14.10:247][780]LogAudioMixer: Display: 	Callback Buffer Frame Size To Use:	  1024
[2020.10.02-16.14.10:247][780]LogAudioMixer: Display: 	Number of buffers to queue:			  2
[2020.10.02-16.14.10:247][780]LogAudioMixer: Display: 	Max Channels (voices):				  32
[2020.10.02-16.14.10:247][780]LogAudioMixer: Display: 	Number of Async Source Workers:		  0
[2020.10.02-16.14.10:247][780]LogAudio: Display: AudioDevice MaxSources: 32
[2020.10.02-16.14.10:247][780]LogAudio: Display: Using built-in audio occlusion.
[2020.10.02-16.14.10:247][780]LogAudioMixer: Display: Initializing audio mixer.
[2020.10.02-16.14.10:252][780]LogAudioMixer: Display: 0: FrontLeft
[2020.10.02-16.14.10:252][780]LogAudioMixer: Display: 1: FrontRight
[2020.10.02-16.14.10:344][780]LogAudioMixer: Display: Using Audio Device Speakers / Headphones (Realtek Audio)
[2020.10.02-16.14.10:344][780]LogAudioMixer: Display: Initializing Sound Submixes...
[2020.10.02-16.14.10:344][780]LogAudioMixer: Display: Creating Master Submix 'MasterSubmixDefault'
[2020.10.02-16.14.10:344][780]LogAudioMixer: Display: Creating Master Submix 'MasterReverbSubmixDefault'
[2020.10.02-16.14.10:344][780]LogAudioMixer: Display: Creating Master Submix 'MasterEQSubmixDefault'
[2020.10.02-16.14.10:361][780]LogInit: FAudioDevice initialized.
[2020.10.02-16.14.10:435][780]LogSlate: Updating window title bar state: overlay mode, drag disabled, window buttons hidden, title bar hidden
[2020.10.02-16.14.10:435][780]LogLoad: Game class is 'BP_FPS_GameMode_C'
[2020.10.02-16.14.10:439][780]LogWorld: Bringing World /Game/ThirdPersonCPP/Maps/UEDPIE_0_ThirdPersonExampleMap.ThirdPersonExampleMap up for play (max tick rate 60) at 2020.10.02-12.14.10
[2020.10.02-16.14.10:440][780]LogWorld: Bringing up level for play took: 0.002918
[2020.10.02-16.14.10:440][780]LogOnline: OSS: Creating online subsystem instance for: :Context_9
[2020.10.02-16.14.10:454][780]PIE: Server logged in
[2020.10.02-16.14.10:458][780]PIE: Play in editor total start time 0.264 seconds.
[2020.10.02-16.14.33:015][128]LogSlate: Updating window title bar state: overlay mode, drag disabled, window buttons hidden, title bar hidden
[2020.10.02-16.14.33:015][128]LogWorld: BeginTearingDown for /Game/ThirdPersonCPP/Maps/UEDPIE_0_ThirdPersonExampleMap
[2020.10.02-16.14.33:016][128]LogSlate: Window 'Capstone Preview [NetMode: Standalone] (64-bit/Windows) ' being destroyed
[2020.10.02-16.14.33:021][128]LogWorld: UWorld::CleanupWorld for ThirdPersonExampleMap, bSessionEnded=true, bCleanupResources=true
[2020.10.02-16.14.33:022][128]LogSlate: InvalidateAllWidgets triggered.  All widgets were invalidated
[2020.10.02-16.14.33:030][128]LogPlayLevel: Display: Shutting down PIE online subsystems
[2020.10.02-16.14.33:035][128]LogSlate: InvalidateAllWidgets triggered.  All widgets were invalidated
[2020.10.02-16.14.33:086][128]LogAISub: UAISubsystem::~UAISubsystem AIPerceptionSystem (0000018E87E765C0), frame # 32128
[2020.10.02-16.14.33:086][128]LogAISub: UAISubsystem::~UAISubsystem EnvQueryManager (0000018E2E903200), frame # 32128
[2020.10.02-16.14.33:090][128]LogUObjectHash: Compacting FUObjectHashTables data took   3.18ms
[2020.10.02-16.14.33:123][129]LogPlayLevel: Display: Destroying online subsystem :Context_9
[2020.10.02-16.14.34:607][208]LogUObjectHash: Compacting FUObjectHashTables data took   2.32ms
[2020.10.02-16.14.34:641][208]LogSavePackage: Moving '../../../../../../Users/Shane/Documents/Unreal Projects/FPSGame_Capstone/Capstone/Saved/ThirdPersonExampleMap416E16E142E407FD1DD94B9100B97656.tmp' to '../../../../../../Users/Shane/Documents/Unreal Projects/FPSGame_Capstone/Capstone/Content/ThirdPersonCPP/Maps/ThirdPersonExampleMap.umap'
[2020.10.02-16.14.34:800][208]LogSavePackage: Moving '../../../../../../Users/Shane/Documents/Unreal Projects/FPSGame_Capstone/Capstone/Saved/ThirdPersonExampleMap_BuiltDataD568E66A4216A4CFE0E64C979B4B7792.tmp' to '../../../../../../Users/Shane/Documents/Unreal Projects/FPSGame_Capstone/Capstone/Content/ThirdPersonCPP/Maps/ThirdPersonExampleMap_BuiltData.uasset'
[2020.10.02-16.14.34:816][208]AssetCheck: New page: Asset Save: multiple assets
[2020.10.02-16.14.34:816][208]LogContentValidation: Display: Validating World /Game/ThirdPersonCPP/Maps/ThirdPersonExampleMap.ThirdPersonExampleMap
[2020.10.02-16.14.34:816][208]LogContentValidation: Display: Validating MapBuildDataRegistry /Game/ThirdPersonCPP/Maps/ThirdPersonExampleMap_BuiltData.ThirdPersonExampleMap_BuiltData
[2020.10.02-16.14.36:723][320]Cmd: OBJ SAVEPACKAGE PACKAGE="/Game/BP_PlayerCharacter" FILE="../../../../../../Users/Shane/Documents/Unreal Projects/FPSGame_Capstone/Capstone/Content/BP_PlayerCharacter.uasset" SILENT=true
[2020.10.02-16.14.36:771][320]LogSavePackage: Moving '../../../../../../Users/Shane/Documents/Unreal Projects/FPSGame_Capstone/Capstone/Saved/BP_PlayerCharacter29A4285A47AEC613D31AA184F3D33141.tmp' to '../../../../../../Users/Shane/Documents/Unreal Projects/FPSGame_Capstone/Capstone/Content/BP_PlayerCharacter.uasset'
[2020.10.02-16.14.36:783][320]AssetCheck: New page: Asset Save: BP_PlayerCharacter
[2020.10.02-16.14.36:783][320]LogContentValidation: Display: Validating Blueprint /Game/BP_PlayerCharacter.BP_PlayerCharacter
[2020.10.02-16.14.38:728][433]Cmd: OBJ SAVEPACKAGE PACKAGE="/Game/Weapons/BP_WeaponMaster" FILE="../../../../../../Users/Shane/Documents/Unreal Projects/FPSGame_Capstone/Capstone/Content/Weapons/BP_WeaponMaster.uasset" SILENT=true
[2020.10.02-16.14.38:756][433]LogSavePackage: Moving '../../../../../../Users/Shane/Documents/Unreal Projects/FPSGame_Capstone/Capstone/Saved/BP_WeaponMasterC535A3C94488DD86088E9D83E72AE9ED.tmp' to '../../../../../../Users/Shane/Documents/Unreal Projects/FPSGame_Capstone/Capstone/Content/Weapons/BP_WeaponMaster.uasset'
[2020.10.02-16.14.38:767][433]AssetCheck: New page: Asset Save: BP_WeaponMaster
[2020.10.02-16.14.38:767][433]LogContentValidation: Display: Validating Blueprint /Game/Weapons/BP_WeaponMaster.BP_WeaponMaster
