  Cleaning CapstoneEditor and UnrealHeaderTool binaries...
  Using 'git status' to determine working set for adaptive non-unity build (C:\Users\Shane\Documents\Unreal Projects\FPSGame_Capstone).
  Creating makefile for CapstoneEditor (no existing makefile)
  Parsing headers for CapstoneEditor
    Running UnrealHeaderTool "C:\Users\Shane\Documents\Unreal Projects\FPSGame_Capstone\Capstone\Capstone.uproject" "C:\Users\Shane\Documents\Unreal Projects\FPSGame_Capstone\Capstone\Intermediate\Build\Win64\CapstoneEditor\Development\CapstoneEditor.uhtmanifest" -LogCmds="loginit warning, logexit warning, logdatabase error" -Unattended -WarningsAsErrors -abslog="C:\Users\Shane\AppData\Local\UnrealBuildTool\Log_UHT.txt" -installed
  Reflection code generated for CapstoneEditor in 6.6383209 seconds
  Building CapstoneEditor...
  Using Visual Studio 2019 14.27.29112 toolchain (C:\Program Files (x86)\Microsoft Visual Studio\2019\Community\VC\Tools\MSVC\14.27.29110) and Windows 10.0.18362.0 SDK (C:\Program Files (x86)\Windows Kits\10).
  Distributing 30 actions to XGE
  --------------------Build System Warning---------------------------------------
  License is invalid:
      License information is invalid. Please try reloading your license file using the Coordinator Monitor application on the Coordinator machine, or reinstall IncrediBuild.
      This build will run in standalone mode.
  
  -------------------------------------------------------------------------------
  --------------------Project: Default-------------------------------------------
  SharedPCH.Engine.ShadowErrors.cpp (0:28.81 at +0:00)
  Obj_Base.cpp (0:00.68 at +0:28)
  AIBrain.cpp (0:01.20 at +0:29)
  AICharacter.cpp (0:00.62 at +0:30)
  AITest.cpp (0:00.51 at +0:31)
  ArriveAlgorithm.cpp (0:00.46 at +0:31)
  Capstone.cpp (0:00.43 at +0:32)
  CapstoneCharacter.cpp (0:01.17 at +0:32)
  CapstoneGameMode.cpp (0:00.71 at +0:33)
  MyAI.cpp (0:00.56 at +0:34)
  MyAICharacter.cpp (0:00.62 at +0:35)
  NetworkedActor.cpp (0:00.54 at +0:35)
C:\Users\Shane\Documents\Unreal Projects\FPSGame_Capstone\Capstone\Source\Capstone\NetworkedActor.cpp(21): warning C4996: 'USceneComponent::AttachTo': This function is deprecated, please use AttachToComponent instead. Please update your code to the new API before upgrading to the next release, otherwise your project will no longer compile.
  WanderAlgorithm.cpp (0:00.42 at +0:36)
  NetworkedObjTest.cpp (0:00.53 at +0:36)
  AIBrain.gen.cpp (0:01.29 at +0:37)
  AICharacter.gen.cpp (0:00.78 at +0:38)
  AITest.gen.cpp (0:00.68 at +0:39)
  Capstone.init.gen.cpp (0:00.54 at +0:40)
  CapstoneCharacter.gen.cpp (0:00.76 at +0:40)
  CapstoneGameMode.gen.cpp (0:00.73 at +0:41)
  MyAI.gen.cpp (0:00.67 at +0:42)
  MyAICharacter.gen.cpp (0:00.75 at +0:42)
  NetworkedActor.gen.cpp (0:00.70 at +0:43)
  NetworkedObjTest.gen.cpp (0:00.67 at +0:44)
  Obj_Base.gen.cpp (0:00.70 at +0:45)
  SteeringOutput.cpp (0:00.45 at +0:45)
  Default.rc2 (0:00.10 at +0:46)
  UE4Editor-Capstone.dll (0:00.54 at +0:46)
     Creating library C:\Users\Shane\Documents\Unreal Projects\FPSGame_Capstone\Capstone\Intermediate\Build\Win64\UE4Editor\Development\Capstone\UE4Editor-Capstone.suppressed.lib and object C:\Users\Shane\Documents\Unreal Projects\FPSGame_Capstone\Capstone\Intermediate\Build\Win64\UE4Editor\Development\Capstone\UE4Editor-Capstone.suppressed.exp
  UE4Editor-Capstone.lib (0:00.12 at +0:46)
     Creating library C:\Users\Shane\Documents\Unreal Projects\FPSGame_Capstone\Capstone\Intermediate\Build\Win64\UE4Editor\Development\Capstone\UE4Editor-Capstone.lib and object C:\Users\Shane\Documents\Unreal Projects\FPSGame_Capstone\Capstone\Intermediate\Build\Win64\UE4Editor\Development\Capstone\UE4Editor-Capstone.exp
  CapstoneEditor.target (0:00.23 at +0:46)
  ---------------------- Done ----------------------
  
      Rebuild All: 1 succeeded, 0 failed, 0 skipped
  
  1 build system warning(s):
     - License is invalid
  
  Total time in XGE executor: 47.44 seconds
  Total execution time: 66.14 seconds
